Using pre-set license
Built from '2020.3/china_unity/release' branch; Version is '2020.3.30f1c1 (b9cd9c36b8f8) revision 12176796'; Using compiler version '192528614'; Build Type 'Release'
OS: 'Windows 11  (10.0.22000) 64bit Professional' Language: 'en' Physical Memory: 32716 MB
BatchMode: 1, IsHumanControllingUs: 0, StartBugReporterOnCrash: 0, Is64bit: 1, IsPro: 0

COMMAND LINE ARGUMENTS:
C:\Program Files\Unity\Hub\Editor\2020.3.30f1c1\Editor\Unity.exe
-adb2
-batchMode
-noUpm
-name
AssetImportWorker0
-projectPath
D:/Documents/Github/Raven-24/ProjectfFolder/Raven-24
-logFile
Logs/AssetImportWorker0.log
-srvPort
50916
Successfully changed project path to: D:/Documents/Github/Raven-24/ProjectfFolder/Raven-24
D:/Documents/Github/Raven-24/ProjectfFolder/Raven-24
Using Asset Import Pipeline V2.
AS: AutoStreaming module initializing.Refreshing native plugins compatible for Editor in 46.24 ms, found 2 plugins.
Preloading 0 native plugins for Editor in 0.00 ms.
Initialize engine version: 2020.3.30f1c1 (b9cd9c36b8f8)
[Subsystems] Discovering subsystems at path C:/Program Files/Unity/Hub/Editor/2020.3.30f1c1/Editor/Data/Resources/UnitySubsystems
[Subsystems] Discovering subsystems at path D:/Documents/Github/Raven-24/ProjectfFolder/Raven-24/Assets
GfxDevice: creating device client; threaded=0
Direct3D:
    Version:  Direct3D 11.0 [level 11.1]
    Renderer: NVIDIA GeForce RTX 2080 Ti (ID=0x1e07)
    Vendor:   
    VRAM:     11049 MB
    Driver:   30.0.15.1165
Initialize mono
Mono path[0] = 'C:/Program Files/Unity/Hub/Editor/2020.3.30f1c1/Editor/Data/Managed'
Mono path[1] = 'C:/Program Files/Unity/Hub/Editor/2020.3.30f1c1/Editor/Data/MonoBleedingEdge/lib/mono/unityjit'
Mono config path = 'C:/Program Files/Unity/Hub/Editor/2020.3.30f1c1/Editor/Data/MonoBleedingEdge/etc'
Using monoOptions --debugger-agent=transport=dt_socket,embedding=1,server=y,suspend=n,address=127.0.0.1:56488
Begin MonoManager ReloadAssembly
Registering precompiled unity dll's ...
Register platform support module: C:/Program Files/Unity/Hub/Editor/2020.3.30f1c1/Editor/Data/PlaybackEngines/WindowsStandaloneSupport/UnityEditor.WindowsStandalone.Extensions.dll
Registered in 0.001522 seconds.
Native extension for WindowsStandalone target not found
Refreshing native plugins compatible for Editor in 45.16 ms, found 2 plugins.
Preloading 0 native plugins for Editor in 0.00 ms.
Mono: successfully reloaded assembly
- Completed reload, in  0.567 seconds
Domain Reload Profiling:
	ReloadAssembly (567ms)
		BeginReloadAssembly (57ms)
			ExecutionOrderSort (0ms)
			DisableScriptedObjects (0ms)
			BackupInstance (0ms)
			ReleaseScriptingObjects (0ms)
			CreateAndSetChildDomain (1ms)
		EndReloadAssembly (438ms)
			LoadAssemblies (54ms)
			RebuildTransferFunctionScriptingTraits (0ms)
			SetupTypeCache (149ms)
			ReleaseScriptCaches (0ms)
			RebuildScriptCaches (31ms)
			SetupLoadedEditorAssemblies (162ms)
				LogAssemblyErrors (0ms)
				InitializePlatformSupportModulesInManaged (4ms)
				SetLoadedEditorAssemblies (0ms)
				RefreshPlugins (45ms)
				BeforeProcessingInitializeOnLoad (16ms)
				ProcessInitializeOnLoadAttributes (71ms)
				ProcessInitializeOnLoadMethodAttributes (25ms)
				AfterProcessingInitializeOnLoad (0ms)
				EditorAssembliesLoaded (0ms)
			ExecutionOrderSort2 (0ms)
			AwakeInstancesAfterBackupRestoration (0ms)
Platform modules already initialized, skipping
Registering precompiled user dll's ...
Registered in 0.002327 seconds.
Begin MonoManager ReloadAssembly
Native extension for WindowsStandalone target not found
Refreshing native plugins compatible for Editor in 0.66 ms, found 2 plugins.
Preloading 0 native plugins for Editor in 0.00 ms.
Mono: successfully reloaded assembly
- Completed reload, in  0.971 seconds
Domain Reload Profiling:
	ReloadAssembly (972ms)
		BeginReloadAssembly (151ms)
			ExecutionOrderSort (0ms)
			DisableScriptedObjects (5ms)
			BackupInstance (0ms)
			ReleaseScriptingObjects (0ms)
			CreateAndSetChildDomain (19ms)
		EndReloadAssembly (755ms)
			LoadAssemblies (88ms)
			RebuildTransferFunctionScriptingTraits (0ms)
			SetupTypeCache (265ms)
			ReleaseScriptCaches (0ms)
			RebuildScriptCaches (43ms)
			SetupLoadedEditorAssemblies (278ms)
				LogAssemblyErrors (0ms)
				InitializePlatformSupportModulesInManaged (4ms)
				SetLoadedEditorAssemblies (0ms)
				RefreshPlugins (1ms)
				BeforeProcessingInitializeOnLoad (73ms)
				ProcessInitializeOnLoadAttributes (185ms)
				ProcessInitializeOnLoadMethodAttributes (8ms)
				AfterProcessingInitializeOnLoad (6ms)
				EditorAssembliesLoaded (0ms)
			ExecutionOrderSort2 (0ms)
			AwakeInstancesAfterBackupRestoration (6ms)
Platform modules already initialized, skipping
========================================================================
Worker process is ready to serve import requests
Launched and connected shader compiler UnityShaderCompiler.exe after 0.08 seconds
Refreshing native plugins compatible for Editor in 0.77 ms, found 2 plugins.
Preloading 0 native plugins for Editor in 0.00 ms.
Unloading 1609 Unused Serialized files (Serialized files now loaded: 0)
System memory in use before: 87.7 MB.
System memory in use after: 85.8 MB.

Unloading 37 unused Assets to reduce memory usage. Loaded Objects now: 2041.
Total: 3.715500 ms (FindLiveObjects: 0.204800 ms CreateObjectMapping: 0.040600 ms MarkObjects: 2.710800 ms  DeleteObjects: 0.758500 ms)

AssetImportParameters requested are different than current active one (requested -> active):
  custom:framework-win-MediaFoundation: 216162199b28c13a410421893ffa2e32 -> 
  custom:video-decoder-ogg-theora: a1e56fd34408186e4bbccfd4996cb3dc -> 
  custom:container-muxer-webm: aa71ff27fc2769a1b78a27578f13a17b -> 
  custom:container-demuxer-webm: 4f35f7cbe854078d1ac9338744f61a02 -> 
  custom:container-demuxer-ogg: 62fdf1f143b41e24485cea50d1cbac27 -> 
  custom:video-encoder-webm-vp8: eb34c28f22e8b96e1ab97ce403110664 -> 
  custom:video-decoder-webm-vp8: 9c59270c3fd7afecdb556c50c9e8de78 -> 
  custom:audio-decoder-ogg-vorbis: bf7c407c2cedff20999df2af8eb42d56 -> 
  custom:audio-encoder-webm-vorbis: bf7c407c2cedff20999df2af8eb42d56 -> 
========================================================================
Received Import Request.
  path: Assets/Scenes/Chapter1.unity
  artifactKey: Guid(9fc0d4010bbf28b4594072e72b8655ab) Importer(815301076,1909f56bfc062723c751e8b465ee728b)
Start importing Assets/Scenes/Chapter1.unity using Guid(9fc0d4010bbf28b4594072e72b8655ab) Importer(815301076,1909f56bfc062723c751e8b465ee728b)  -> (artifact id: 'c50e7f7d84ad8737a2a97c4454eabada') in 0.017469 seconds 
========================================================================
Received Prepare
Registering precompiled user dll's ...
Registered in 0.002328 seconds.
Begin MonoManager ReloadAssembly
Native extension for WindowsStandalone target not found
Refreshing native plugins compatible for Editor in 0.46 ms, found 2 plugins.
Preloading 0 native plugins for Editor in 0.00 ms.
Mono: successfully reloaded assembly
- Completed reload, in  0.745 seconds
Domain Reload Profiling:
	ReloadAssembly (745ms)
		BeginReloadAssembly (89ms)
			ExecutionOrderSort (0ms)
			DisableScriptedObjects (3ms)
			BackupInstance (0ms)
			ReleaseScriptingObjects (0ms)
			CreateAndSetChildDomain (26ms)
		EndReloadAssembly (606ms)
			LoadAssemblies (69ms)
			RebuildTransferFunctionScriptingTraits (0ms)
			SetupTypeCache (213ms)
			ReleaseScriptCaches (1ms)
			RebuildScriptCaches (30ms)
			SetupLoadedEditorAssemblies (218ms)
				LogAssemblyErrors (0ms)
				InitializePlatformSupportModulesInManaged (4ms)
				SetLoadedEditorAssemblies (0ms)
				RefreshPlugins (0ms)
				BeforeProcessingInitializeOnLoad (58ms)
				ProcessInitializeOnLoadAttributes (145ms)
				ProcessInitializeOnLoadMethodAttributes (7ms)
				AfterProcessingInitializeOnLoad (4ms)
				EditorAssembliesLoaded (0ms)
			ExecutionOrderSort2 (0ms)
			AwakeInstancesAfterBackupRestoration (5ms)
Platform modules already initialized, skipping
Refreshing native plugins compatible for Editor in 0.47 ms, found 2 plugins.
Preloading 0 native plugins for Editor in 0.00 ms.
Unloading 1603 Unused Serialized files (Serialized files now loaded: 0)
System memory in use before: 87.6 MB.
System memory in use after: 85.7 MB.

Unloading 32 unused Assets to reduce memory usage. Loaded Objects now: 2043.
Total: 3.288600 ms (FindLiveObjects: 0.154500 ms CreateObjectMapping: 0.035900 ms MarkObjects: 2.413200 ms  DeleteObjects: 0.684100 ms)

AssetImportParameters requested are different than current active one (requested -> active):
  custom:framework-win-MediaFoundation: 216162199b28c13a410421893ffa2e32 -> 
  custom:video-decoder-ogg-theora: a1e56fd34408186e4bbccfd4996cb3dc -> 
  custom:container-muxer-webm: aa71ff27fc2769a1b78a27578f13a17b -> 
  custom:container-demuxer-webm: 4f35f7cbe854078d1ac9338744f61a02 -> 
  custom:container-demuxer-ogg: 62fdf1f143b41e24485cea50d1cbac27 -> 
  custom:video-encoder-webm-vp8: eb34c28f22e8b96e1ab97ce403110664 -> 
  custom:video-decoder-webm-vp8: 9c59270c3fd7afecdb556c50c9e8de78 -> 
  custom:audio-decoder-ogg-vorbis: bf7c407c2cedff20999df2af8eb42d56 -> 
  custom:audio-encoder-webm-vorbis: bf7c407c2cedff20999df2af8eb42d56 -> 
========================================================================
Received Prepare
Registering precompiled user dll's ...
Registered in 0.002236 seconds.
Begin MonoManager ReloadAssembly
Native extension for WindowsStandalone target not found
Refreshing native plugins compatible for Editor in 0.49 ms, found 2 plugins.
Preloading 0 native plugins for Editor in 0.00 ms.
Mono: successfully reloaded assembly
- Completed reload, in  0.749 seconds
Domain Reload Profiling:
	ReloadAssembly (749ms)
		BeginReloadAssembly (89ms)
			ExecutionOrderSort (0ms)
			DisableScriptedObjects (3ms)
			BackupInstance (0ms)
			ReleaseScriptingObjects (0ms)
			CreateAndSetChildDomain (26ms)
		EndReloadAssembly (608ms)
			LoadAssemblies (71ms)
			RebuildTransferFunctionScriptingTraits (0ms)
			SetupTypeCache (211ms)
			ReleaseScriptCaches (1ms)
			RebuildScriptCaches (31ms)
			SetupLoadedEditorAssemblies (225ms)
				LogAssemblyErrors (0ms)
				InitializePlatformSupportModulesInManaged (3ms)
				SetLoadedEditorAssemblies (0ms)
				RefreshPlugins (1ms)
				BeforeProcessingInitializeOnLoad (61ms)
				ProcessInitializeOnLoadAttributes (148ms)
				ProcessInitializeOnLoadMethodAttributes (7ms)
				AfterProcessingInitializeOnLoad (4ms)
				EditorAssembliesLoaded (0ms)
			ExecutionOrderSort2 (0ms)
			AwakeInstancesAfterBackupRestoration (5ms)
Platform modules already initialized, skipping
Refreshing native plugins compatible for Editor in 0.46 ms, found 2 plugins.
Preloading 0 native plugins for Editor in 0.00 ms.
Unloading 1603 Unused Serialized files (Serialized files now loaded: 0)
System memory in use before: 87.6 MB.
System memory in use after: 85.7 MB.

Unloading 32 unused Assets to reduce memory usage. Loaded Objects now: 2045.
Total: 3.320200 ms (FindLiveObjects: 0.154900 ms CreateObjectMapping: 0.034700 ms MarkObjects: 2.451300 ms  DeleteObjects: 0.678300 ms)

AssetImportParameters requested are different than current active one (requested -> active):
  custom:framework-win-MediaFoundation: 216162199b28c13a410421893ffa2e32 -> 
  custom:video-decoder-ogg-theora: a1e56fd34408186e4bbccfd4996cb3dc -> 
  custom:container-muxer-webm: aa71ff27fc2769a1b78a27578f13a17b -> 
  custom:container-demuxer-webm: 4f35f7cbe854078d1ac9338744f61a02 -> 
  custom:container-demuxer-ogg: 62fdf1f143b41e24485cea50d1cbac27 -> 
  custom:video-encoder-webm-vp8: eb34c28f22e8b96e1ab97ce403110664 -> 
  custom:video-decoder-webm-vp8: 9c59270c3fd7afecdb556c50c9e8de78 -> 
  custom:audio-decoder-ogg-vorbis: bf7c407c2cedff20999df2af8eb42d56 -> 
  custom:audio-encoder-webm-vorbis: bf7c407c2cedff20999df2af8eb42d56 -> 
========================================================================
Received Import Request.
  Time since last request: 449.404084 seconds.
  path: Assets/_TerrainAutoUpgrade/layer_Ground_1cd2d2d038030d602.terrainlayer
  artifactKey: Guid(509e05bd80ee69b4cae0acc05bc6ad99) Importer(815301076,1909f56bfc062723c751e8b465ee728b)
Start importing Assets/_TerrainAutoUpgrade/layer_Ground_1cd2d2d038030d602.terrainlayer using Guid(509e05bd80ee69b4cae0acc05bc6ad99) Importer(815301076,1909f56bfc062723c751e8b465ee728b)  -> (artifact id: 'f3e22c3a59408c71bfa1e8e7ac61bbc6') in 0.329537 seconds 
========================================================================
Received Import Request.
  Time since last request: 0.000151 seconds.
  path: Assets/_TerrainAutoUpgrade/layer_Ground_4cd2d2d038030d602.terrainlayer
  artifactKey: Guid(29f2c27cc3b08404f83f14eff8104186) Importer(815301076,1909f56bfc062723c751e8b465ee728b)
Start importing Assets/_TerrainAutoUpgrade/layer_Ground_4cd2d2d038030d602.terrainlayer using Guid(29f2c27cc3b08404f83f14eff8104186) Importer(815301076,1909f56bfc062723c751e8b465ee728b)  -> (artifact id: '7989f2842955dfbb028d6f9e1786ce2b') in 0.111752 seconds 
========================================================================
Received Import Request.
  Time since last request: 0.000159 seconds.
  path: Assets/_TerrainAutoUpgrade/layer_Snow_1cd2d2d038030d602.terrainlayer
  artifactKey: Guid(0f69e2a603a1bcd4f99b9867bbd0d50d) Importer(815301076,1909f56bfc062723c751e8b465ee728b)
Start importing Assets/_TerrainAutoUpgrade/layer_Snow_1cd2d2d038030d602.terrainlayer using Guid(0f69e2a603a1bcd4f99b9867bbd0d50d) Importer(815301076,1909f56bfc062723c751e8b465ee728b)  -> (artifact id: '25ec5a684c54608a11fc2184430e211e') in 0.094640 seconds 
========================================================================
Received Import Request.
  Time since last request: 0.000161 seconds.
  path: Assets/_TerrainAutoUpgrade/layer_Ground_2cd2d2d038030d602.terrainlayer
  artifactKey: Guid(b9feb0aef0f157c4d8ca29387c348626) Importer(815301076,1909f56bfc062723c751e8b465ee728b)
Start importing Assets/_TerrainAutoUpgrade/layer_Ground_2cd2d2d038030d602.terrainlayer using Guid(b9feb0aef0f157c4d8ca29387c348626) Importer(815301076,1909f56bfc062723c751e8b465ee728b)  -> (artifact id: '51570208065ff704d1e2bffc1caf3eac') in 0.175750 seconds 
========================================================================
Received Import Request.
  Time since last request: 0.000141 seconds.
  path: Assets/_TerrainAutoUpgrade/layer_Snow_3cd2d2d038030d602.terrainlayer
  artifactKey: Guid(75717364d14f7b6498bf47ee8d554347) Importer(815301076,1909f56bfc062723c751e8b465ee728b)
Start importing Assets/_TerrainAutoUpgrade/layer_Snow_3cd2d2d038030d602.terrainlayer using Guid(75717364d14f7b6498bf47ee8d554347) Importer(815301076,1909f56bfc062723c751e8b465ee728b)  -> (artifact id: '15018724b37e6617449ef0f72d5941c5') in 0.638211 seconds 
========================================================================
Received Import Request.
  Time since last request: 0.000120 seconds.
  path: Assets/_TerrainAutoUpgrade/layer_Ground_6cd2d2d038030d602.terrainlayer
  artifactKey: Guid(63dd3480d09069a4d808fe2d013e6677) Importer(815301076,1909f56bfc062723c751e8b465ee728b)
Start importing Assets/_TerrainAutoUpgrade/layer_Ground_6cd2d2d038030d602.terrainlayer using Guid(63dd3480d09069a4d808fe2d013e6677) Importer(815301076,1909f56bfc062723c751e8b465ee728b)  -> (artifact id: 'ee66aa7da38c723f628c626049490851') in 0.150056 seconds 
========================================================================
Received Import Request.
  Time since last request: 7.408517 seconds.
  path: Assets/Plugins/LowPolyOpenWorld/Nature/Assets/Textures/Terrain Textures/Ground_2.jpg
  artifactKey: Guid(ca34854654683dd4bab91c7de248e593) Importer(815301076,1909f56bfc062723c751e8b465ee728b)
Start importing Assets/Plugins/LowPolyOpenWorld/Nature/Assets/Textures/Terrain Textures/Ground_2.jpg using Guid(ca34854654683dd4bab91c7de248e593) Importer(815301076,1909f56bfc062723c751e8b465ee728b)  -> (artifact id: '0ffe7ea375a5b91664278e9ed5e1063e') in 0.086140 seconds 
========================================================================
Received Import Request.
  Time since last request: 11.118382 seconds.
  path: Assets/Plugins/AllSkyFree/AllSkyDemoEnvironment/AllSky_DemoEnvironment.fbx
  artifactKey: Guid(3016c1d519731466ebd747543eef9970) Importer(815301076,1909f56bfc062723c751e8b465ee728b)
Start importing Assets/Plugins/AllSkyFree/AllSkyDemoEnvironment/AllSky_DemoEnvironment.fbx using Guid(3016c1d519731466ebd747543eef9970) Importer(815301076,1909f56bfc062723c751e8b465ee728b)  -> (artifact id: '9770b33fd6ba22b5c73894756af67b7a') in 0.700414 seconds 
========================================================================
Received Import Request.
  Time since last request: 0.000165 seconds.
  path: Assets/Plugins/LowPolyOpenWorld/Nature/Assets/Prefabs/Trees and bushes/Broadleaf_1_Autumn.prefab
  artifactKey: Guid(9f7a3e8da9313ee47a9369ff13132598) Importer(815301076,1909f56bfc062723c751e8b465ee728b)
Start importing Assets/Plugins/LowPolyOpenWorld/Nature/Assets/Prefabs/Trees and bushes/Broadleaf_1_Autumn.prefab using Guid(9f7a3e8da9313ee47a9369ff13132598) Importer(815301076,1909f56bfc062723c751e8b465ee728b)  -> (artifact id: '28b88cac7f1ee7a56c6d088bf16af2ef') in 1.065700 seconds 
========================================================================
Received Import Request.
  Time since last request: 0.000136 seconds.
  path: Assets/Plugins/LowPolyOpenWorld/Nature/Assets/Prefabs/Trees and bushes/Bush_3_Autumn.prefab
  artifactKey: Guid(840a0de28e5be4a498d8cf6789bc5946) Importer(815301076,1909f56bfc062723c751e8b465ee728b)
Start importing Assets/Plugins/LowPolyOpenWorld/Nature/Assets/Prefabs/Trees and bushes/Bush_3_Autumn.prefab using Guid(840a0de28e5be4a498d8cf6789bc5946) Importer(815301076,1909f56bfc062723c751e8b465ee728b)  -> (artifact id: 'bd573fcfa1e0a7385145d45b2a3461f6') in 1.031938 seconds 
========================================================================
Received Import Request.
  Time since last request: 0.000191 seconds.
  path: Assets/Plugins/LowPolyOpenWorld/Nature/Assets/Prefabs/Trees and bushes/Bush_5.prefab
  artifactKey: Guid(4220865a909ae534299dbddf76785e0a) Importer(815301076,1909f56bfc062723c751e8b465ee728b)
Start importing Assets/Plugins/LowPolyOpenWorld/Nature/Assets/Prefabs/Trees and bushes/Bush_5.prefab using Guid(4220865a909ae534299dbddf76785e0a) Importer(815301076,1909f56bfc062723c751e8b465ee728b)  -> (artifact id: 'fece1cae8c229be66aa272c03b503be5') in 1.144343 seconds 
========================================================================
Received Import Request.
  Time since last request: 0.000181 seconds.
  path: Assets/Plugins/LowPolyOpenWorld/Nature/Assets/Models/EnvBranch_2.fbx
  artifactKey: Guid(8c5d47f270d01704e92aefd13952a3b1) Importer(815301076,1909f56bfc062723c751e8b465ee728b)
Start importing Assets/Plugins/LowPolyOpenWorld/Nature/Assets/Models/EnvBranch_2.fbx using Guid(8c5d47f270d01704e92aefd13952a3b1) Importer(815301076,1909f56bfc062723c751e8b465ee728b)  -> (artifact id: '8dd512b168196499f26f531f3f8d87fb') in 0.180431 seconds 
========================================================================
Received Import Request.
  Time since last request: 0.000144 seconds.
  path: Assets/Plugins/LowPolyOpenWorld/Nature/Assets/Prefabs/Trees and bushes/Broadleaf_2.prefab
  artifactKey: Guid(e9e9f60ed4494d94cad6d74c40c74ea6) Importer(815301076,1909f56bfc062723c751e8b465ee728b)
Start importing Assets/Plugins/LowPolyOpenWorld/Nature/Assets/Prefabs/Trees and bushes/Broadleaf_2.prefab using Guid(e9e9f60ed4494d94cad6d74c40c74ea6) Importer(815301076,1909f56bfc062723c751e8b465ee728b)  -> (artifact id: 'b808dc9f7d9dcfa24b9c75aaac17009f') in 0.301085 seconds 
========================================================================
Received Import Request.
  Time since last request: 0.000128 seconds.
  path: Assets/Plugins/LowPolyOpenWorld/Nature/Assets/Models/Fence_3.fbx
  artifactKey: Guid(922160e4e2bc08249a9173a41daf5bf0) Importer(815301076,1909f56bfc062723c751e8b465ee728b)
Start importing Assets/Plugins/LowPolyOpenWorld/Nature/Assets/Models/Fence_3.fbx using Guid(922160e4e2bc08249a9173a41daf5bf0) Importer(815301076,1909f56bfc062723c751e8b465ee728b)  -> (artifact id: 'ac44ca1dd661c5e0fc495780e2e4f48d') in 0.202815 seconds 
========================================================================
Received Import Request.
  Time since last request: 0.000140 seconds.
  path: Assets/Plugins/LowPolyOpenWorld/Nature/Assets/Prefabs/Clouds/Cloud_1.prefab
  artifactKey: Guid(64d30a61bbbd76d45be17fdfbe59fa1a) Importer(815301076,1909f56bfc062723c751e8b465ee728b)
Start importing Assets/Plugins/LowPolyOpenWorld/Nature/Assets/Prefabs/Clouds/Cloud_1.prefab using Guid(64d30a61bbbd76d45be17fdfbe59fa1a) Importer(815301076,1909f56bfc062723c751e8b465ee728b)  -> (artifact id: '2325166751354c26f4930884760f4938') in 0.088051 seconds 
========================================================================
Received Import Request.
  Time since last request: 0.000138 seconds.
  path: Assets/Plugins/LowPolyOpenWorld/Nature/Assets/Prefabs/Trees and bushes/DryTree_2.prefab
  artifactKey: Guid(2b26f79623c6ac640bd8970b797cbaf4) Importer(815301076,1909f56bfc062723c751e8b465ee728b)
Start importing Assets/Plugins/LowPolyOpenWorld/Nature/Assets/Prefabs/Trees and bushes/DryTree_2.prefab using Guid(2b26f79623c6ac640bd8970b797cbaf4) Importer(815301076,1909f56bfc062723c751e8b465ee728b)  -> (artifact id: 'c6afa5768041daa986b9b97a09584788') in 0.240919 seconds 
========================================================================
Received Import Request.
  Time since last request: 0.000120 seconds.
  path: Assets/Plugins/LowPolyOpenWorld/Nature/Assets/Models/Fence_1.fbx
  artifactKey: Guid(49587bb333f3f8d4e812687d564057da) Importer(815301076,1909f56bfc062723c751e8b465ee728b)
Start importing Assets/Plugins/LowPolyOpenWorld/Nature/Assets/Models/Fence_1.fbx using Guid(49587bb333f3f8d4e812687d564057da) Importer(815301076,1909f56bfc062723c751e8b465ee728b)  -> (artifact id: '4710c3194b53d93bc087442bfe48a3d3') in 0.088526 seconds 
========================================================================
Received Import Request.
  Time since last request: 0.000141 seconds.
  path: Assets/Plugins/LowPolyOpenWorld/Nature/Assets/Prefabs/Trees and bushes/Broadleaf_4.prefab
  artifactKey: Guid(d0f53d7d39aa825488d02ddbeee32a24) Importer(815301076,1909f56bfc062723c751e8b465ee728b)
Start importing Assets/Plugins/LowPolyOpenWorld/Nature/Assets/Prefabs/Trees and bushes/Broadleaf_4.prefab using Guid(d0f53d7d39aa825488d02ddbeee32a24) Importer(815301076,1909f56bfc062723c751e8b465ee728b)  -> (artifact id: '12a4ce2da71b0fff076e09be8891e762') in 0.120938 seconds 
========================================================================
Received Import Request.
  Time since last request: 0.000146 seconds.
  path: Assets/Plugins/LowPolyOpenWorld/Nature/Assets/Prefabs/Trees and bushes/DryTree_3.prefab
  artifactKey: Guid(136644adb49ec0a44aead29f0eee8379) Importer(815301076,1909f56bfc062723c751e8b465ee728b)
Start importing Assets/Plugins/LowPolyOpenWorld/Nature/Assets/Prefabs/Trees and bushes/DryTree_3.prefab using Guid(136644adb49ec0a44aead29f0eee8379) Importer(815301076,1909f56bfc062723c751e8b465ee728b)  -> (artifact id: 'f925356d8d0c16c8be5cb95a48b8a639') in 0.060870 seconds 
========================================================================
Received Import Request.
  Time since last request: 0.000130 seconds.
  path: Assets/Plugins/LowPolyOpenWorld/Nature/Assets/Models/Fence_2.fbx
  artifactKey: Guid(edc961ca9c2983447b26866d07740bed) Importer(815301076,1909f56bfc062723c751e8b465ee728b)
Start importing Assets/Plugins/LowPolyOpenWorld/Nature/Assets/Models/Fence_2.fbx using Guid(edc961ca9c2983447b26866d07740bed) Importer(815301076,1909f56bfc062723c751e8b465ee728b)  -> (artifact id: '8f0a3252ccf4b445861b8ffd514255ff') in 0.068343 seconds 
========================================================================
Received Import Request.
  Time since last request: 0.000129 seconds.
  path: Assets/Plugins/LowPolyOpenWorld/Nature/Assets/Prefabs/Clouds/Cloud_6.prefab
  artifactKey: Guid(b9967d41337521841928bf9a657cac65) Importer(815301076,1909f56bfc062723c751e8b465ee728b)
Start importing Assets/Plugins/LowPolyOpenWorld/Nature/Assets/Prefabs/Clouds/Cloud_6.prefab using Guid(b9967d41337521841928bf9a657cac65) Importer(815301076,1909f56bfc062723c751e8b465ee728b)  -> (artifact id: '2da19cab5549dc8c04987cded92df4c9') in 0.076863 seconds 
========================================================================
Received Import Request.
  Time since last request: 0.000128 seconds.
  path: Assets/Plugins/LowPolyOpenWorld/Nature/Assets/Prefabs/Trees and bushes/Bush_1.prefab
  artifactKey: Guid(dcbe37e338008b040b81d0fb199747de) Importer(815301076,1909f56bfc062723c751e8b465ee728b)
Start importing Assets/Plugins/LowPolyOpenWorld/Nature/Assets/Prefabs/Trees and bushes/Bush_1.prefab using Guid(dcbe37e338008b040b81d0fb199747de) Importer(815301076,1909f56bfc062723c751e8b465ee728b)  -> (artifact id: 'eb60fe051bd8b5def3e58ca25892ac59') in 0.172908 seconds 
========================================================================
Received Import Request.
  Time since last request: 0.000156 seconds.
  path: Assets/Plugins/LowPolyOpenWorld/Nature/Assets/Models/Fence_5.fbx
  artifactKey: Guid(e98ea4440886171499888865f35099bf) Importer(815301076,1909f56bfc062723c751e8b465ee728b)
Start importing Assets/Plugins/LowPolyOpenWorld/Nature/Assets/Models/Fence_5.fbx using Guid(e98ea4440886171499888865f35099bf) Importer(815301076,1909f56bfc062723c751e8b465ee728b)  -> (artifact id: '8c276818abac433532fa503d499fe58f') in 0.084648 seconds 
========================================================================
Received Import Request.
  Time since last request: 0.000122 seconds.
  path: Assets/Plugins/LowPolyOpenWorld/Nature/Assets/Prefabs/Trees and bushes/DryTree_4.prefab
  artifactKey: Guid(f6e05dae701ba854f97829b6593cf726) Importer(815301076,1909f56bfc062723c751e8b465ee728b)
Start importing Assets/Plugins/LowPolyOpenWorld/Nature/Assets/Prefabs/Trees and bushes/DryTree_4.prefab using Guid(f6e05dae701ba854f97829b6593cf726) Importer(815301076,1909f56bfc062723c751e8b465ee728b)  -> (artifact id: 'fcd1dfbeb91f87ff3fea1c312586fcab') in 0.052982 seconds 
========================================================================
Received Import Request.
  Time since last request: 0.000132 seconds.
  path: Assets/Plugins/LowPolyOpenWorld/Nature/Assets/Prefabs/Clouds/Cloud_2.prefab
  artifactKey: Guid(34849dedee10a644785acecee2f582ad) Importer(815301076,1909f56bfc062723c751e8b465ee728b)
Start importing Assets/Plugins/LowPolyOpenWorld/Nature/Assets/Prefabs/Clouds/Cloud_2.prefab using Guid(34849dedee10a644785acecee2f582ad) Importer(815301076,1909f56bfc062723c751e8b465ee728b)  -> (artifact id: '399325ec2cde362bd6a453299a9937b1') in 0.171117 seconds 
========================================================================
Received Import Request.
  Time since last request: 0.000166 seconds.
  path: Assets/Plugins/LowPolyOpenWorld/Nature/Assets/Prefabs/Trees and bushes/FirTree_2_Winter.prefab
  artifactKey: Guid(e1ddb60ae61184a4785cdff190b393a5) Importer(815301076,1909f56bfc062723c751e8b465ee728b)
Start importing Assets/Plugins/LowPolyOpenWorld/Nature/Assets/Prefabs/Trees and bushes/FirTree_2_Winter.prefab using Guid(e1ddb60ae61184a4785cdff190b393a5) Importer(815301076,1909f56bfc062723c751e8b465ee728b)  -> (artifact id: '44e47a2463534fc5f2219d1ee814a155') in 1.149336 seconds 
========================================================================
Received Import Request.
  Time since last request: 0.000164 seconds.
  path: Assets/Plugins/LowPolyOpenWorld/Nature/Assets/Prefabs/Trees and bushes/Broadleaf_3_Autumn.prefab
  artifactKey: Guid(42700af3688b40a47a3f71c423421528) Importer(815301076,1909f56bfc062723c751e8b465ee728b)
Start importing Assets/Plugins/LowPolyOpenWorld/Nature/Assets/Prefabs/Trees and bushes/Broadleaf_3_Autumn.prefab using Guid(42700af3688b40a47a3f71c423421528) Importer(815301076,1909f56bfc062723c751e8b465ee728b)  -> (artifact id: '9084b164146f8e545df0b06da77deb06') in 0.084084 seconds 
========================================================================
Received Import Request.
  Time since last request: 0.000143 seconds.
  path: Assets/Plugins/LowPolyOpenWorld/Nature/Assets/Prefabs/Trees and bushes/Bush_2.prefab
  artifactKey: Guid(2ba163ec3acd5f141b024302b23b22a3) Importer(815301076,1909f56bfc062723c751e8b465ee728b)
Start importing Assets/Plugins/LowPolyOpenWorld/Nature/Assets/Prefabs/Trees and bushes/Bush_2.prefab using Guid(2ba163ec3acd5f141b024302b23b22a3) Importer(815301076,1909f56bfc062723c751e8b465ee728b)  -> (artifact id: '2b234389f4592e87680b710579ef1395') in 0.221211 seconds 
========================================================================
Received Import Request.
  Time since last request: 0.000134 seconds.
  path: Assets/Plugins/AllSkyFree/AllSkyDemoEnvironment/AllSky_DemoEnvironment_Light.fbx
  artifactKey: Guid(a86608a16093647c082aa3ccf69d2558) Importer(815301076,1909f56bfc062723c751e8b465ee728b)
Start importing Assets/Plugins/AllSkyFree/AllSkyDemoEnvironment/AllSky_DemoEnvironment_Light.fbx using Guid(a86608a16093647c082aa3ccf69d2558) Importer(815301076,1909f56bfc062723c751e8b465ee728b)  -> (artifact id: '77f95f02c8458da3da0fc5fc446c66d2') in 0.068716 seconds 
========================================================================
Received Import Request.
  Time since last request: 0.000160 seconds.
  path: Assets/Plugins/AllSkyFree/AllSkyDemoEnvironment/AllSkyDemoEnvironment_Unity4.prefab
  artifactKey: Guid(a4d020d60b18649af92bb2a05e00d513) Importer(815301076,1909f56bfc062723c751e8b465ee728b)
Start importing Assets/Plugins/AllSkyFree/AllSkyDemoEnvironment/AllSkyDemoEnvironment_Unity4.prefab using Guid(a4d020d60b18649af92bb2a05e00d513) Importer(815301076,1909f56bfc062723c751e8b465ee728b)  -> (artifact id: '7429918b39f955fe92851a80c1a35f19') in 0.890658 seconds 
========================================================================
Received Import Request.
  Time since last request: 0.000142 seconds.
  path: Assets/Plugins/LowPolyOpenWorld/Nature/Assets/Prefabs/Trees and bushes/Bush_1_Autumn.prefab
  artifactKey: Guid(8f57fe5323589c44791b4b68d35f4027) Importer(815301076,1909f56bfc062723c751e8b465ee728b)
Start importing Assets/Plugins/LowPolyOpenWorld/Nature/Assets/Prefabs/Trees and bushes/Bush_1_Autumn.prefab using Guid(8f57fe5323589c44791b4b68d35f4027) Importer(815301076,1909f56bfc062723c751e8b465ee728b)  -> (artifact id: '3d42c35f6a3bd680a89fd47b01bbb83d') in 0.031992 seconds 
========================================================================
Received Import Request.
  Time since last request: 0.000134 seconds.
  path: Assets/Plugins/LowPolyOpenWorld/Nature/Assets/Prefabs/Clouds/Cloud_5.prefab
  artifactKey: Guid(33f73dc4324c1e84aa3231502c2ae781) Importer(815301076,1909f56bfc062723c751e8b465ee728b)
Start importing Assets/Plugins/LowPolyOpenWorld/Nature/Assets/Prefabs/Clouds/Cloud_5.prefab using Guid(33f73dc4324c1e84aa3231502c2ae781) Importer(815301076,1909f56bfc062723c751e8b465ee728b)  -> (artifact id: 'bf7ada0b7d463698c67dc73d47a9db75') in 0.115544 seconds 
========================================================================
Received Import Request.
  Time since last request: 0.000147 seconds.
  path: Assets/Plugins/LowPolyOpenWorld/Nature/Assets/Models/EnvBranch_1.fbx
  artifactKey: Guid(11ec85498af071043a7920fa9dcf38d4) Importer(815301076,1909f56bfc062723c751e8b465ee728b)
Start importing Assets/Plugins/LowPolyOpenWorld/Nature/Assets/Models/EnvBranch_1.fbx using Guid(11ec85498af071043a7920fa9dcf38d4) Importer(815301076,1909f56bfc062723c751e8b465ee728b)  -> (artifact id: 'b825541c6f1b2c1091f0165372b8ee33') in 0.129588 seconds 
========================================================================
Received Import Request.
  Time since last request: 0.000155 seconds.
  path: Assets/Plugins/LowPolyOpenWorld/Nature/Assets/Prefabs/Trees and bushes/Broadleaf_2_Autumn.prefab
  artifactKey: Guid(540fb788f74469247b00c2b24884c8d2) Importer(815301076,1909f56bfc062723c751e8b465ee728b)
Start importing Assets/Plugins/LowPolyOpenWorld/Nature/Assets/Prefabs/Trees and bushes/Broadleaf_2_Autumn.prefab using Guid(540fb788f74469247b00c2b24884c8d2) Importer(815301076,1909f56bfc062723c751e8b465ee728b)  -> (artifact id: 'bd8f4f6b7a7f001dabc7e03f0393f02a') in 0.073368 seconds 
========================================================================
Received Import Request.
  Time since last request: 0.000166 seconds.
  path: Assets/Plugins/LowPolyOpenWorld/Nature/Assets/Prefabs/Trees and bushes/FirTree_1_Winter.prefab
  artifactKey: Guid(1c311b307dcc54542bd0c2735e669a50) Importer(815301076,1909f56bfc062723c751e8b465ee728b)
Start importing Assets/Plugins/LowPolyOpenWorld/Nature/Assets/Prefabs/Trees and bushes/FirTree_1_Winter.prefab using Guid(1c311b307dcc54542bd0c2735e669a50) Importer(815301076,1909f56bfc062723c751e8b465ee728b)  -> (artifact id: 'a074f16df67307e8ad182c7fe12b1cdc') in 0.171415 seconds 
========================================================================
Received Import Request.
  Time since last request: 0.000141 seconds.
  path: Assets/Plugins/AllSkyFree/AllSkyDemoEnvironment/AllSky_DemoEnvironment02.fbx
  artifactKey: Guid(cca7a715222e33c49b541a5f7de8f6f2) Importer(815301076,1909f56bfc062723c751e8b465ee728b)
Start importing Assets/Plugins/AllSkyFree/AllSkyDemoEnvironment/AllSky_DemoEnvironment02.fbx using Guid(cca7a715222e33c49b541a5f7de8f6f2) Importer(815301076,1909f56bfc062723c751e8b465ee728b)  -> (artifact id: '62e048b4ac405491bd6cdef91b97e6be') in 0.255279 seconds 
========================================================================
Received Import Request.
  Time since last request: 0.000114 seconds.
  path: Assets/Plugins/LowPolyOpenWorld/Nature/Assets/Prefabs/Trees and bushes/FirTree_2.prefab
  artifactKey: Guid(9e1305ff48095294ab31e27ea5fb80a3) Importer(815301076,1909f56bfc062723c751e8b465ee728b)
Start importing Assets/Plugins/LowPolyOpenWorld/Nature/Assets/Prefabs/Trees and bushes/FirTree_2.prefab using Guid(9e1305ff48095294ab31e27ea5fb80a3) Importer(815301076,1909f56bfc062723c751e8b465ee728b)  -> (artifact id: 'd7c23ec81658777ee614cbfff3608960') in 0.264185 seconds 
========================================================================
Received Import Request.
  Time since last request: 0.000113 seconds.
  path: Assets/Plugins/LowPolyOpenWorld/Nature/Assets/Prefabs/Trees and bushes/FirTree_1.prefab
  artifactKey: Guid(f78f6f8034810bf40a09e27b4a09c4bb) Importer(815301076,1909f56bfc062723c751e8b465ee728b)
Start importing Assets/Plugins/LowPolyOpenWorld/Nature/Assets/Prefabs/Trees and bushes/FirTree_1.prefab using Guid(f78f6f8034810bf40a09e27b4a09c4bb) Importer(815301076,1909f56bfc062723c751e8b465ee728b)  -> (artifact id: 'e3966c94a264cf2e420c04987e6e2e3b') in 0.073300 seconds 
========================================================================
Received Import Request.
  Time since last request: 0.000137 seconds.
  path: Assets/Plugins/LowPolyOpenWorld/Nature/Assets/Prefabs/Clouds/Cloud_4.prefab
  artifactKey: Guid(361fc6574bf3648428b1ec244bc8a0bf) Importer(815301076,1909f56bfc062723c751e8b465ee728b)
Start importing Assets/Plugins/LowPolyOpenWorld/Nature/Assets/Prefabs/Clouds/Cloud_4.prefab using Guid(361fc6574bf3648428b1ec244bc8a0bf) Importer(815301076,1909f56bfc062723c751e8b465ee728b)  -> (artifact id: '7e8535bd634d1d5bf05d1fcc9311059a') in 0.099709 seconds 
========================================================================
Received Import Request.
  Time since last request: 0.000137 seconds.
  path: Assets/Plugins/LowPolyOpenWorld/Nature/Assets/Prefabs/Trees and bushes/Bush_3.prefab
  artifactKey: Guid(1014be2d4c044ed4a8e0511e4edb3442) Importer(815301076,1909f56bfc062723c751e8b465ee728b)
Start importing Assets/Plugins/LowPolyOpenWorld/Nature/Assets/Prefabs/Trees and bushes/Bush_3.prefab using Guid(1014be2d4c044ed4a8e0511e4edb3442) Importer(815301076,1909f56bfc062723c751e8b465ee728b)  -> (artifact id: '60bbf9e3e7f82a634e6c01854cf61c1b') in 0.111065 seconds 
========================================================================
Received Import Request.
  Time since last request: 0.000140 seconds.
  path: Assets/Plugins/LowPolyOpenWorld/Nature/Assets/Prefabs/Trees and bushes/Broadleaf_3.prefab
  artifactKey: Guid(31f6ed3792888be438fe9e1895ddd3d7) Importer(815301076,1909f56bfc062723c751e8b465ee728b)
Start importing Assets/Plugins/LowPolyOpenWorld/Nature/Assets/Prefabs/Trees and bushes/Broadleaf_3.prefab using Guid(31f6ed3792888be438fe9e1895ddd3d7) Importer(815301076,1909f56bfc062723c751e8b465ee728b)  -> (artifact id: '7dc13489a571ca6c9e6da1843c96d434') in 0.048040 seconds 
========================================================================
Received Import Request.
  Time since last request: 0.000158 seconds.
  path: Assets/Plugins/LowPolyOpenWorld/Nature/Assets/Models/EnvBranch_3.fbx
  artifactKey: Guid(4552995d2040728469a5b8fab88e74dd) Importer(815301076,1909f56bfc062723c751e8b465ee728b)
Start importing Assets/Plugins/LowPolyOpenWorld/Nature/Assets/Models/EnvBranch_3.fbx using Guid(4552995d2040728469a5b8fab88e74dd) Importer(815301076,1909f56bfc062723c751e8b465ee728b)  -> (artifact id: '16f451428545c6382cd019945f8c4fe5') in 0.107518 seconds 
========================================================================
Received Import Request.
  Time since last request: 0.000146 seconds.
  path: Assets/Plugins/LowPolyOpenWorld/Nature/Assets/Prefabs/Clouds/Cloud_3.prefab
  artifactKey: Guid(445f09ddc95b4b847a793ae4975f2614) Importer(815301076,1909f56bfc062723c751e8b465ee728b)
Start importing Assets/Plugins/LowPolyOpenWorld/Nature/Assets/Prefabs/Clouds/Cloud_3.prefab using Guid(445f09ddc95b4b847a793ae4975f2614) Importer(815301076,1909f56bfc062723c751e8b465ee728b)  -> (artifact id: 'e609844117c3962aa06ed14a500145da') in 0.099449 seconds 
========================================================================
Received Import Request.
  Time since last request: 0.000149 seconds.
  path: Assets/Plugins/LowPolyOpenWorld/Nature/Assets/Models/Fence_4.fbx
  artifactKey: Guid(f6523d343ac58ec4896babc457e54c1a) Importer(815301076,1909f56bfc062723c751e8b465ee728b)
Start importing Assets/Plugins/LowPolyOpenWorld/Nature/Assets/Models/Fence_4.fbx using Guid(f6523d343ac58ec4896babc457e54c1a) Importer(815301076,1909f56bfc062723c751e8b465ee728b)  -> (artifact id: '08cdc4e16510ae68676e25d7d59762db') in 0.060869 seconds 
========================================================================
Received Import Request.
  Time since last request: 0.000132 seconds.
  path: Assets/Plugins/LowPolyOpenWorld/Nature/Assets/Prefabs/Trees and bushes/Broadleaf_1.prefab
  artifactKey: Guid(32ecfc0a6095ac04080fedab4e47f215) Importer(815301076,1909f56bfc062723c751e8b465ee728b)
Start importing Assets/Plugins/LowPolyOpenWorld/Nature/Assets/Prefabs/Trees and bushes/Broadleaf_1.prefab using Guid(32ecfc0a6095ac04080fedab4e47f215) Importer(815301076,1909f56bfc062723c751e8b465ee728b)  -> (artifact id: '4c148dfebee45aec8660e6fa3dae0de4') in 0.073414 seconds 
========================================================================
Received Import Request.
  Time since last request: 0.000180 seconds.
  path: Assets/Plugins/LowPolyOpenWorld/Nature/Assets/Prefabs/Trees and bushes/Broadleaf_4_Autumn.prefab
  artifactKey: Guid(575c00f405b06d940af6d3dd6f45b794) Importer(815301076,1909f56bfc062723c751e8b465ee728b)
Start importing Assets/Plugins/LowPolyOpenWorld/Nature/Assets/Prefabs/Trees and bushes/Broadleaf_4_Autumn.prefab using Guid(575c00f405b06d940af6d3dd6f45b794) Importer(815301076,1909f56bfc062723c751e8b465ee728b)  -> (artifact id: 'da0a3feef1d9a534279bef6984f40743') in 0.070124 seconds 
========================================================================
Received Import Request.
  Time since last request: 0.000182 seconds.
  path: Assets/Plugins/LowPolyOpenWorld/Nature/Assets/Prefabs/Trees and bushes/DryTree_1.prefab
  artifactKey: Guid(502725a0122f31d47b2476c8219d4240) Importer(815301076,1909f56bfc062723c751e8b465ee728b)
Start importing Assets/Plugins/LowPolyOpenWorld/Nature/Assets/Prefabs/Trees and bushes/DryTree_1.prefab using Guid(502725a0122f31d47b2476c8219d4240) Importer(815301076,1909f56bfc062723c751e8b465ee728b)  -> (artifact id: 'a92ff4c5324e617bfd8662a1ce0992d9') in 0.037761 seconds 
========================================================================
Received Import Request.
  Time since last request: 0.000163 seconds.
  path: Assets/Plugins/LowPolyOpenWorld/Nature/Assets/Prefabs/Trees and bushes/Bush_4.prefab
  artifactKey: Guid(a54b8a36324119744b1a96608ccf5752) Importer(815301076,1909f56bfc062723c751e8b465ee728b)
Start importing Assets/Plugins/LowPolyOpenWorld/Nature/Assets/Prefabs/Trees and bushes/Bush_4.prefab using Guid(a54b8a36324119744b1a96608ccf5752) Importer(815301076,1909f56bfc062723c751e8b465ee728b)  -> (artifact id: 'fda7fa8331cc03f35790cbf359e4487b') in 0.040046 seconds 
========================================================================
Received Import Request.
  Time since last request: 0.000149 seconds.
  path: Assets/Plugins/AllSkyFree/AllSkyDemoEnvironment/AllSky_DemoEnvironment_Center.fbx
  artifactKey: Guid(6f81d87fbcb2648b0835af8c7c1cd3fb) Importer(815301076,1909f56bfc062723c751e8b465ee728b)
Start importing Assets/Plugins/AllSkyFree/AllSkyDemoEnvironment/AllSky_DemoEnvironment_Center.fbx using Guid(6f81d87fbcb2648b0835af8c7c1cd3fb) Importer(815301076,1909f56bfc062723c751e8b465ee728b)  -> (artifact id: '2ca0bfd290eb9a2b70e04f0402eeafbe') in 0.031397 seconds 
========================================================================
Received Import Request.
  Time since last request: 6.385886 seconds.
  path: Assets/Plugins/LowPolyOpenWorld/Nature/Assets/Prefabs/Trees and bushes/FirTree_3.prefab
  artifactKey: Guid(07bef06956dd1634eb726e1a667f95a4) Importer(815301076,1909f56bfc062723c751e8b465ee728b)
Start importing Assets/Plugins/LowPolyOpenWorld/Nature/Assets/Prefabs/Trees and bushes/FirTree_3.prefab using Guid(07bef06956dd1634eb726e1a667f95a4) Importer(815301076,1909f56bfc062723c751e8b465ee728b)  -> (artifact id: 'cf7f816572924e9416b5d7eec33cc47d') in 0.085559 seconds 
========================================================================
Received Import Request.
  Time since last request: 0.000147 seconds.
  path: Assets/Plugins/LowPolyOpenWorld/Nature/Assets/Prefabs/Trees and bushes/FirTree_3_Winter.prefab
  artifactKey: Guid(a1dad744d684e164c911a75eb84e1b6b) Importer(815301076,1909f56bfc062723c751e8b465ee728b)
Start importing Assets/Plugins/LowPolyOpenWorld/Nature/Assets/Prefabs/Trees and bushes/FirTree_3_Winter.prefab using Guid(a1dad744d684e164c911a75eb84e1b6b) Importer(815301076,1909f56bfc062723c751e8b465ee728b)  -> (artifact id: 'db92b2671de781c73750fe891c2e2baf') in 0.163578 seconds 
========================================================================
Received Import Request.
  Time since last request: 0.000181 seconds.
  path: Assets/Plugins/LowPolyOpenWorld/Nature/Assets/Prefabs/Trees and bushes/FirTree_4_Winter.prefab
  artifactKey: Guid(46f42e55d18da29419dd1103d84a547e) Importer(815301076,1909f56bfc062723c751e8b465ee728b)
Start importing Assets/Plugins/LowPolyOpenWorld/Nature/Assets/Prefabs/Trees and bushes/FirTree_4_Winter.prefab using Guid(46f42e55d18da29419dd1103d84a547e) Importer(815301076,1909f56bfc062723c751e8b465ee728b)  -> (artifact id: '1194ad664911744018cc7f816869ecff') in 0.061009 seconds 
========================================================================
Received Import Request.
  Time since last request: 0.000189 seconds.
  path: Assets/Plugins/LowPolyOpenWorld/Nature/Assets/Models/Mushrooms_2.fbx
  artifactKey: Guid(64c31a54e2ca9bb4cbb237d7faf0c8df) Importer(815301076,1909f56bfc062723c751e8b465ee728b)
Start importing Assets/Plugins/LowPolyOpenWorld/Nature/Assets/Models/Mushrooms_2.fbx using Guid(64c31a54e2ca9bb4cbb237d7faf0c8df) Importer(815301076,1909f56bfc062723c751e8b465ee728b)  -> (artifact id: '4e313b91354f2949fcc1cf9b970c0038') in 0.788074 seconds 
========================================================================
Received Import Request.
  Time since last request: 0.000150 seconds.
  path: Assets/Plugins/LowPolyOpenWorld/Nature/Assets/Prefabs/Trees and bushes/PineTree_2.prefab
  artifactKey: Guid(b47d0733521e20142bc2586dfb7c18e4) Importer(815301076,1909f56bfc062723c751e8b465ee728b)
Start importing Assets/Plugins/LowPolyOpenWorld/Nature/Assets/Prefabs/Trees and bushes/PineTree_2.prefab using Guid(b47d0733521e20142bc2586dfb7c18e4) Importer(815301076,1909f56bfc062723c751e8b465ee728b)  -> (artifact id: '429f0d9e8f372181544d34a759de6802') in 0.784565 seconds 
========================================================================
Received Import Request.
  Time since last request: 0.000149 seconds.
  path: Assets/Plugins/LowPolyOpenWorld/Nature/Assets/Prefabs/Rocks/Rock_Winter.prefab
  artifactKey: Guid(1cc550f90b8272547920bf93e39af6e9) Importer(815301076,1909f56bfc062723c751e8b465ee728b)
Start importing Assets/Plugins/LowPolyOpenWorld/Nature/Assets/Prefabs/Rocks/Rock_Winter.prefab using Guid(1cc550f90b8272547920bf93e39af6e9) Importer(815301076,1909f56bfc062723c751e8b465ee728b)  -> (artifact id: '4ba1e055cf1737802ed908fa2a98f99b') in 0.377076 seconds 
========================================================================
Received Import Request.
  Time since last request: 0.000142 seconds.
  path: Assets/Plugins/LowPolyOpenWorld/Nature/Assets/Models/Rock.fbx
  artifactKey: Guid(4513d47b3a798454784dc3bae9d5f4a9) Importer(815301076,1909f56bfc062723c751e8b465ee728b)
Start importing Assets/Plugins/LowPolyOpenWorld/Nature/Assets/Models/Rock.fbx using Guid(4513d47b3a798454784dc3bae9d5f4a9) Importer(815301076,1909f56bfc062723c751e8b465ee728b)  -> (artifact id: '471f8dbd386368013b5a8ae2b8f12e96') in 0.247379 seconds 
========================================================================
Received Import Request.
  Time since last request: 0.000163 seconds.
  path: Assets/Plugins/LowPolyOpenWorld/Nature/Assets/Prefabs/Trees and bushes/PineTree_4.prefab
  artifactKey: Guid(e723a398d2b4c6441827db30152be9b5) Importer(815301076,1909f56bfc062723c751e8b465ee728b)
Start importing Assets/Plugins/LowPolyOpenWorld/Nature/Assets/Prefabs/Trees and bushes/PineTree_4.prefab using Guid(e723a398d2b4c6441827db30152be9b5) Importer(815301076,1909f56bfc062723c751e8b465ee728b)  -> (artifact id: 'e7e0bea2bf866cccbcbe0efa75034f50') in 0.048970 seconds 
========================================================================
Received Import Request.
  Time since last request: 0.000153 seconds.
  path: Assets/Plugins/LowPolyOpenWorld/Nature/Assets/Prefabs/Rocks/Rock.prefab
  artifactKey: Guid(1cdc750ba99cd5649a8012cf89747640) Importer(815301076,1909f56bfc062723c751e8b465ee728b)
Start importing Assets/Plugins/LowPolyOpenWorld/Nature/Assets/Prefabs/Rocks/Rock.prefab using Guid(1cdc750ba99cd5649a8012cf89747640) Importer(815301076,1909f56bfc062723c751e8b465ee728b)  -> (artifact id: '71c393591223d47e63dbfcd75837bf8c') in 0.013121 seconds 
========================================================================
Received Import Request.
  Time since last request: 0.000203 seconds.
  path: Assets/Plugins/LowPolyOpenWorld/Nature/Assets/Prefabs/Rocks/Rocks_1.prefab
  artifactKey: Guid(1a12c6f5d68986a4f84b54c53ce2c08b) Importer(815301076,1909f56bfc062723c751e8b465ee728b)
Start importing Assets/Plugins/LowPolyOpenWorld/Nature/Assets/Prefabs/Rocks/Rocks_1.prefab using Guid(1a12c6f5d68986a4f84b54c53ce2c08b) Importer(815301076,1909f56bfc062723c751e8b465ee728b)  -> (artifact id: '046a35f394feecec54a4d40f17247b87') in 0.249685 seconds 
========================================================================
Received Import Request.
  Time since last request: 0.000154 seconds.
  path: Assets/Plugins/LowPolyOpenWorld/Nature/Assets/Prefabs/Rocks/Rocks_2.prefab
  artifactKey: Guid(b41ea06f276251a4585c52106f156da1) Importer(815301076,1909f56bfc062723c751e8b465ee728b)
Start importing Assets/Plugins/LowPolyOpenWorld/Nature/Assets/Prefabs/Rocks/Rocks_2.prefab using Guid(b41ea06f276251a4585c52106f156da1) Importer(815301076,1909f56bfc062723c751e8b465ee728b)  -> (artifact id: '51d2b947046ce20f305e9d84a26e5b7c') in 0.160035 seconds 
========================================================================
Received Import Request.
  Time since last request: 0.000168 seconds.
  path: Assets/Plugins/LowPolyOpenWorld/Nature/Assets/Models/Rocks_3.fbx
  artifactKey: Guid(d0f9c95291c4ef74a92bfc9afd4f49bc) Importer(815301076,1909f56bfc062723c751e8b465ee728b)
Start importing Assets/Plugins/LowPolyOpenWorld/Nature/Assets/Models/Rocks_3.fbx using Guid(d0f9c95291c4ef74a92bfc9afd4f49bc) Importer(815301076,1909f56bfc062723c751e8b465ee728b)  -> (artifact id: '4b83c4768fd173487b0289bfcbef8e10') in 0.438306 seconds 
========================================================================
Received Import Request.
  Time since last request: 0.000122 seconds.
  path: Assets/Plugins/LowPolyOpenWorld/Nature/Assets/Prefabs/Rocks/Rocks_2_Winter.prefab
  artifactKey: Guid(3c64cf92b630ac0478ca9e29fbdb01d0) Importer(815301076,1909f56bfc062723c751e8b465ee728b)
Start importing Assets/Plugins/LowPolyOpenWorld/Nature/Assets/Prefabs/Rocks/Rocks_2_Winter.prefab using Guid(3c64cf92b630ac0478ca9e29fbdb01d0) Importer(815301076,1909f56bfc062723c751e8b465ee728b)  -> (artifact id: '7a6c383c974222afc176f8700c50270c') in 0.368553 seconds 
========================================================================
Received Import Request.
  Time since last request: 0.000145 seconds.
  path: Assets/Plugins/LowPolyOpenWorld/Nature/Assets/Prefabs/Rocks/Stone_Winter.prefab
  artifactKey: Guid(ca6a5d2649318404fa4bd2adabfd561a) Importer(815301076,1909f56bfc062723c751e8b465ee728b)
Start importing Assets/Plugins/LowPolyOpenWorld/Nature/Assets/Prefabs/Rocks/Stone_Winter.prefab using Guid(ca6a5d2649318404fa4bd2adabfd561a) Importer(815301076,1909f56bfc062723c751e8b465ee728b)  -> (artifact id: '7f83b2e9e1a395bcdfdcd56d687a3af9') in 0.149940 seconds 
========================================================================
Received Import Request.
  Time since last request: 0.000103 seconds.
  path: Assets/Plugins/LowPolyOpenWorld/Nature/Assets/Prefabs/Rocks/Stone.prefab
  artifactKey: Guid(36956e3fe5b4dbb468563968d8de3009) Importer(815301076,1909f56bfc062723c751e8b465ee728b)
Start importing Assets/Plugins/LowPolyOpenWorld/Nature/Assets/Prefabs/Rocks/Stone.prefab using Guid(36956e3fe5b4dbb468563968d8de3009) Importer(815301076,1909f56bfc062723c751e8b465ee728b)  -> (artifact id: '16d5c7a793c1459f366b839717e7cf34') in 0.098372 seconds 
========================================================================
Received Import Request.
  Time since last request: 0.000126 seconds.
  path: Assets/Plugins/LowPolyOpenWorld/Nature/Assets/Models/Stones_1.fbx
  artifactKey: Guid(918ad82d7cc86bb4fa9f2cf6d67080ca) Importer(815301076,1909f56bfc062723c751e8b465ee728b)
Start importing Assets/Plugins/LowPolyOpenWorld/Nature/Assets/Models/Stones_1.fbx using Guid(918ad82d7cc86bb4fa9f2cf6d67080ca) Importer(815301076,1909f56bfc062723c751e8b465ee728b)  -> (artifact id: 'a6bb296e87bb1087f115f46f1ed91e5d') in 0.157335 seconds 
========================================================================
Received Import Request.
  Time since last request: 0.000124 seconds.
  path: Assets/Plugins/LowPolyOpenWorld/Nature/Assets/Models/Stone.fbx
  artifactKey: Guid(efae75f1ac3957244b7d8262243bfc86) Importer(815301076,1909f56bfc062723c751e8b465ee728b)
Start importing Assets/Plugins/LowPolyOpenWorld/Nature/Assets/Models/Stone.fbx using Guid(efae75f1ac3957244b7d8262243bfc86) Importer(815301076,1909f56bfc062723c751e8b465ee728b)  -> (artifact id: '49aca8a92046da5c7e935d4aae0cff6d') in 0.014445 seconds 
========================================================================
Received Import Request.
  Time since last request: 0.000170 seconds.
  path: Assets/Plugins/LowPolyOpenWorld/Nature/Assets/Prefabs/Rocks/Rocks_3_Winter.prefab
  artifactKey: Guid(498f01970e6dfd54a8ed2699e73b46f8) Importer(815301076,1909f56bfc062723c751e8b465ee728b)
Start importing Assets/Plugins/LowPolyOpenWorld/Nature/Assets/Prefabs/Rocks/Rocks_3_Winter.prefab using Guid(498f01970e6dfd54a8ed2699e73b46f8) Importer(815301076,1909f56bfc062723c751e8b465ee728b)  -> (artifact id: '9b70e0e409031f0810d52b899ae15d32') in 0.108230 seconds 
========================================================================
Received Import Request.
  Time since last request: 0.000146 seconds.
  path: Assets/Plugins/LowPolyOpenWorld/Nature/Assets/Models/Rocks_1.fbx
  artifactKey: Guid(835e2179cc917d940b2f536fb523cb17) Importer(815301076,1909f56bfc062723c751e8b465ee728b)
Start importing Assets/Plugins/LowPolyOpenWorld/Nature/Assets/Models/Rocks_1.fbx using Guid(835e2179cc917d940b2f536fb523cb17) Importer(815301076,1909f56bfc062723c751e8b465ee728b)  -> (artifact id: '5fcb3e566e11cf482fae117135ddd854') in 0.015474 seconds 
========================================================================
Received Import Request.
  Time since last request: 0.000163 seconds.
  path: Assets/Plugins/LowPolyOpenWorld/Nature/Assets/Prefabs/Trees and bushes/PineTree_1.prefab
  artifactKey: Guid(eb610832082704b4fa30dc0f969a5301) Importer(815301076,1909f56bfc062723c751e8b465ee728b)
Start importing Assets/Plugins/LowPolyOpenWorld/Nature/Assets/Prefabs/Trees and bushes/PineTree_1.prefab using Guid(eb610832082704b4fa30dc0f969a5301) Importer(815301076,1909f56bfc062723c751e8b465ee728b)  -> (artifact id: 'e8b019a9176a9c2602cecd818db6358e') in 0.046336 seconds 
========================================================================
Received Import Request.
  Time since last request: 0.000154 seconds.
  path: Assets/Plugins/LowPolyOpenWorld/Nature/Assets/Prefabs/Rocks/Stones_1.prefab
  artifactKey: Guid(d0bce85e1c405be4a928c5cb5baf26ae) Importer(815301076,1909f56bfc062723c751e8b465ee728b)
Start importing Assets/Plugins/LowPolyOpenWorld/Nature/Assets/Prefabs/Rocks/Stones_1.prefab using Guid(d0bce85e1c405be4a928c5cb5baf26ae) Importer(815301076,1909f56bfc062723c751e8b465ee728b)  -> (artifact id: '2469b39ba5a41464d1dffee47c01c184') in 0.011952 seconds 
========================================================================
Received Import Request.
  Time since last request: 0.000157 seconds.
  path: Assets/Plugins/AllSkyFree/AllSkyDemoEnvironment/MoonGlow.prefab
  artifactKey: Guid(0f1bb6c00f49e47b4b8c078bd9c1bf14) Importer(815301076,1909f56bfc062723c751e8b465ee728b)
Start importing Assets/Plugins/AllSkyFree/AllSkyDemoEnvironment/MoonGlow.prefab using Guid(0f1bb6c00f49e47b4b8c078bd9c1bf14) Importer(815301076,1909f56bfc062723c751e8b465ee728b)  -> (artifact id: '0617754ccc8088ba091e623b9b28dc81') in 0.041093 seconds 
========================================================================
Received Import Request.
  Time since last request: 0.000125 seconds.
  path: Assets/Plugins/LowPolyOpenWorld/Nature/Assets/Prefabs/Rocks/Rocks_3.prefab
  artifactKey: Guid(9f40f94f799b9914081a6bf2484d2b2a) Importer(815301076,1909f56bfc062723c751e8b465ee728b)
Start importing Assets/Plugins/LowPolyOpenWorld/Nature/Assets/Prefabs/Rocks/Rocks_3.prefab using Guid(9f40f94f799b9914081a6bf2484d2b2a) Importer(815301076,1909f56bfc062723c751e8b465ee728b)  -> (artifact id: '516d83fed66e31dfc87b485f7cae32cb') in 0.011135 seconds 
========================================================================
Received Import Request.
  Time since last request: 0.000140 seconds.
  path: Assets/Plugins/LowPolyOpenWorld/Nature/Assets/Models/Mushroom.fbx
  artifactKey: Guid(d3b313a590bd2cf43abc342f8a368a69) Importer(815301076,1909f56bfc062723c751e8b465ee728b)
Start importing Assets/Plugins/LowPolyOpenWorld/Nature/Assets/Models/Mushroom.fbx using Guid(d3b313a590bd2cf43abc342f8a368a69) Importer(815301076,1909f56bfc062723c751e8b465ee728b)  -> (artifact id: '18f1a7d4013baadb1096f7dbefc5c456') in 0.095098 seconds 
========================================================================
Received Import Request.
  Time since last request: 0.000148 seconds.
  path: Assets/Plugins/LowPolyOpenWorld/Nature/Assets/Models/Mushrooms_1.fbx
  artifactKey: Guid(ad9c08667444e75409c9fccaba3cc6cc) Importer(815301076,1909f56bfc062723c751e8b465ee728b)
Start importing Assets/Plugins/LowPolyOpenWorld/Nature/Assets/Models/Mushrooms_1.fbx using Guid(ad9c08667444e75409c9fccaba3cc6cc) Importer(815301076,1909f56bfc062723c751e8b465ee728b)  -> (artifact id: 'a82a7c2d8c2223008f34894f07bd8a6c') in 0.068381 seconds 
========================================================================
Received Import Request.
  Time since last request: 0.000148 seconds.
  path: Assets/Plugins/LowPolyOpenWorld/Nature/Assets/Prefabs/Rocks/Stones_1_Winter.prefab
  artifactKey: Guid(ead5a0ba6e45da64687ed551745593a7) Importer(815301076,1909f56bfc062723c751e8b465ee728b)
Start importing Assets/Plugins/LowPolyOpenWorld/Nature/Assets/Prefabs/Rocks/Stones_1_Winter.prefab using Guid(ead5a0ba6e45da64687ed551745593a7) Importer(815301076,1909f56bfc062723c751e8b465ee728b)  -> (artifact id: 'beb6ba3c30a10dc01b1e5f5f97e8e1e4') in 0.805331 seconds 
========================================================================
Received Import Request.
  Time since last request: 0.000140 seconds.
  path: Assets/Plugins/LowPolyOpenWorld/Nature/Assets/Models/Rocks_2.fbx
  artifactKey: Guid(916950f1dec935647a421dc10eef54fc) Importer(815301076,1909f56bfc062723c751e8b465ee728b)
Start importing Assets/Plugins/LowPolyOpenWorld/Nature/Assets/Models/Rocks_2.fbx using Guid(916950f1dec935647a421dc10eef54fc) Importer(815301076,1909f56bfc062723c751e8b465ee728b)  -> (artifact id: '9cc20565b0947c2bec2a4997c96eb021') in 0.015867 seconds 
========================================================================
Received Import Request.
  Time since last request: 0.000168 seconds.
  path: Assets/Plugins/LowPolyOpenWorld/Nature/Assets/Prefabs/Rocks/Rocks_1_Winter.prefab
  artifactKey: Guid(06366c065beb1de4bb28cfc6fd0b6a14) Importer(815301076,1909f56bfc062723c751e8b465ee728b)
Start importing Assets/Plugins/LowPolyOpenWorld/Nature/Assets/Prefabs/Rocks/Rocks_1_Winter.prefab using Guid(06366c065beb1de4bb28cfc6fd0b6a14) Importer(815301076,1909f56bfc062723c751e8b465ee728b)  -> (artifact id: 'a2fbb20e5303a647230f16cc13597016') in 0.411967 seconds 
========================================================================
Received Import Request.
  Time since last request: 0.000150 seconds.
  path: Assets/Plugins/LowPolyOpenWorld/Nature/Assets/Prefabs/Trees and bushes/FirTree_4.prefab
  artifactKey: Guid(5223ba549d8165140ba5290c99252919) Importer(815301076,1909f56bfc062723c751e8b465ee728b)
Start importing Assets/Plugins/LowPolyOpenWorld/Nature/Assets/Prefabs/Trees and bushes/FirTree_4.prefab using Guid(5223ba549d8165140ba5290c99252919) Importer(815301076,1909f56bfc062723c751e8b465ee728b)  -> (artifact id: 'c91b4bee2580f36959c770bdd4a89e3f') in 0.207899 seconds 
========================================================================
Received Import Request.
  Time since last request: 0.000175 seconds.
  path: Assets/Plugins/LowPolyOpenWorld/Nature/Assets/Prefabs/Trees and bushes/PineTree_3.prefab
  artifactKey: Guid(a18e6075992c5ad488025dd677d66eb6) Importer(815301076,1909f56bfc062723c751e8b465ee728b)
Start importing Assets/Plugins/LowPolyOpenWorld/Nature/Assets/Prefabs/Trees and bushes/PineTree_3.prefab using Guid(a18e6075992c5ad488025dd677d66eb6) Importer(815301076,1909f56bfc062723c751e8b465ee728b)  -> (artifact id: '32a49809093630e367a2b6366bbad590') in 0.102286 seconds 
========================================================================
Received Import Request.
  Time since last request: 1.442725 seconds.
  path: Assets/Plugins/LowPolyOpenWorld/Nature/Assets/Prefabs/Rocks/Stones_2.prefab
  artifactKey: Guid(dcf7e205f63de0b40b72a479902cc3ff) Importer(815301076,1909f56bfc062723c751e8b465ee728b)
Start importing Assets/Plugins/LowPolyOpenWorld/Nature/Assets/Prefabs/Rocks/Stones_2.prefab using Guid(dcf7e205f63de0b40b72a479902cc3ff) Importer(815301076,1909f56bfc062723c751e8b465ee728b)  -> (artifact id: '0d23d4ac6280be08e1a4c3a08668292d') in 0.204214 seconds 
========================================================================
Received Import Request.
  Time since last request: 0.000134 seconds.
  path: Assets/Plugins/LowPolyOpenWorld/PostProcessing/Utilities/CustomMotionTexture/Models/WheelMovecs.FBX
  artifactKey: Guid(c4abfbff3b9d442f4b435849d2d2124c) Importer(815301076,1909f56bfc062723c751e8b465ee728b)
Start importing Assets/Plugins/LowPolyOpenWorld/PostProcessing/Utilities/CustomMotionTexture/Models/WheelMovecs.FBX using Guid(c4abfbff3b9d442f4b435849d2d2124c) Importer(815301076,1909f56bfc062723c751e8b465ee728b)  -> (artifact id: '43b3074ee2ec5cb7b7d35637cdc5b357') in 0.061113 seconds 
========================================================================
Received Import Request.
  Time since last request: 0.000136 seconds.
  path: Assets/Plugins/LowPolyOpenWorld/Nature/Assets/Models/Stones_2.fbx
  artifactKey: Guid(7603f0dac5fd18f438774973a0269b9f) Importer(815301076,1909f56bfc062723c751e8b465ee728b)
Start importing Assets/Plugins/LowPolyOpenWorld/Nature/Assets/Models/Stones_2.fbx using Guid(7603f0dac5fd18f438774973a0269b9f) Importer(815301076,1909f56bfc062723c751e8b465ee728b)  -> (artifact id: 'db183a5870bd2d8377b412905f4ae4b1') in 0.017333 seconds 
========================================================================
Received Import Request.
  Time since last request: 0.000179 seconds.
  path: Assets/Plugins/LowPolyOpenWorld/Nature/Assets/Prefabs/Rocks/Stones_2_Winter.prefab
  artifactKey: Guid(82cad9dfd78287447b96cf00b0f5e712) Importer(815301076,1909f56bfc062723c751e8b465ee728b)
Start importing Assets/Plugins/LowPolyOpenWorld/Nature/Assets/Prefabs/Rocks/Stones_2_Winter.prefab using Guid(82cad9dfd78287447b96cf00b0f5e712) Importer(815301076,1909f56bfc062723c751e8b465ee728b)  -> (artifact id: '578507d0c8f04b49a97ec3bebdb2bae9') in 0.079141 seconds 
========================================================================
Received Import Request.
  Time since last request: 0.000149 seconds.
  path: Assets/Plugins/AllSkyFree/AllSkyDemoEnvironment/SunGlow.prefab
  artifactKey: Guid(6e58b6f7d760a4942b5d1887cdb4a815) Importer(815301076,1909f56bfc062723c751e8b465ee728b)
Start importing Assets/Plugins/AllSkyFree/AllSkyDemoEnvironment/SunGlow.prefab using Guid(6e58b6f7d760a4942b5d1887cdb4a815) Importer(815301076,1909f56bfc062723c751e8b465ee728b)  -> (artifact id: 'd8e490711fd7ce52fc169649ba87210f') in 0.047917 seconds 
========================================================================
Received Prepare
Registering precompiled user dll's ...
Registered in 0.001861 seconds.
Begin MonoManager ReloadAssembly
Native extension for WindowsStandalone target not found
Refreshing native plugins compatible for Editor in 0.49 ms, found 2 plugins.
Preloading 0 native plugins for Editor in 0.00 ms.
Mono: successfully reloaded assembly
- Completed reload, in  0.731 seconds
Domain Reload Profiling:
	ReloadAssembly (731ms)
		BeginReloadAssembly (90ms)
			ExecutionOrderSort (0ms)
			DisableScriptedObjects (3ms)
			BackupInstance (0ms)
			ReleaseScriptingObjects (0ms)
			CreateAndSetChildDomain (27ms)
		EndReloadAssembly (591ms)
			LoadAssemblies (70ms)
			RebuildTransferFunctionScriptingTraits (0ms)
			SetupTypeCache (207ms)
			ReleaseScriptCaches (1ms)
			RebuildScriptCaches (29ms)
			SetupLoadedEditorAssemblies (214ms)
				LogAssemblyErrors (0ms)
				InitializePlatformSupportModulesInManaged (4ms)
				SetLoadedEditorAssemblies (0ms)
				RefreshPlugins (1ms)
				BeforeProcessingInitializeOnLoad (59ms)
				ProcessInitializeOnLoadAttributes (139ms)
				ProcessInitializeOnLoadMethodAttributes (6ms)
				AfterProcessingInitializeOnLoad (4ms)
				EditorAssembliesLoaded (0ms)
			ExecutionOrderSort2 (0ms)
			AwakeInstancesAfterBackupRestoration (5ms)
Platform modules already initialized, skipping
Refreshing native plugins compatible for Editor in 0.44 ms, found 2 plugins.
Preloading 0 native plugins for Editor in 0.00 ms.
Unloading 1603 Unused Serialized files (Serialized files now loaded: 0)
System memory in use before: 93.2 MB.
System memory in use after: 91.2 MB.

Unloading 34 unused Assets to reduce memory usage. Loaded Objects now: 2105.
Total: 3.429300 ms (FindLiveObjects: 0.170300 ms CreateObjectMapping: 0.040800 ms MarkObjects: 2.558000 ms  DeleteObjects: 0.659100 ms)

AssetImportParameters requested are different than current active one (requested -> active):
  custom:framework-win-MediaFoundation: 216162199b28c13a410421893ffa2e32 -> 
  custom:video-decoder-ogg-theora: a1e56fd34408186e4bbccfd4996cb3dc -> 
  custom:container-muxer-webm: aa71ff27fc2769a1b78a27578f13a17b -> 
  custom:container-demuxer-webm: 4f35f7cbe854078d1ac9338744f61a02 -> 
  custom:container-demuxer-ogg: 62fdf1f143b41e24485cea50d1cbac27 -> 
  custom:video-encoder-webm-vp8: eb34c28f22e8b96e1ab97ce403110664 -> 
  custom:video-decoder-webm-vp8: 9c59270c3fd7afecdb556c50c9e8de78 -> 
  custom:audio-decoder-ogg-vorbis: bf7c407c2cedff20999df2af8eb42d56 -> 
  custom:audio-encoder-webm-vorbis: bf7c407c2cedff20999df2af8eb42d56 -> 
========================================================================
Received Import Request.
  Time since last request: 164.834520 seconds.
  path: Assets/Chapter1.asset
  artifactKey: Guid(e3c8ee05a30b9734286caaf61bd59899) Importer(815301076,1909f56bfc062723c751e8b465ee728b)
Start importing Assets/Chapter1.asset using Guid(e3c8ee05a30b9734286caaf61bd59899) Importer(815301076,1909f56bfc062723c751e8b465ee728b)  -> (artifact id: '7d9e31d4508d3e3e98c58703d0099e82') in 0.088571 seconds 
AssetImportWorkerClient::OnTransportError - code=2 error=End of file
