Using pre-set license
Built from '2020.3/china_unity/release' branch; Version is '2020.3.30f1c1 (b9cd9c36b8f8) revision 12176796'; Using compiler version '192528614'; Build Type 'Release'
OS: 'Windows 11  (10.0.22000) 64bit Professional' Language: 'en' Physical Memory: 32716 MB
BatchMode: 1, IsHumanControllingUs: 0, StartBugReporterOnCrash: 0, Is64bit: 1, IsPro: 0

COMMAND LINE ARGUMENTS:
C:\Program Files\Unity\Hub\Editor\2020.3.30f1c1\Editor\Unity.exe
-adb2
-batchMode
-noUpm
-name
AssetImportWorker0
-projectPath
D:/Documents/Github/Raven-24/ProjectfFolder/Raven-24
-logFile
Logs/AssetImportWorker0.log
-srvPort
49276
Successfully changed project path to: D:/Documents/Github/Raven-24/ProjectfFolder/Raven-24
D:/Documents/Github/Raven-24/ProjectfFolder/Raven-24
Using Asset Import Pipeline V2.
AS: AutoStreaming module initializing.Refreshing native plugins compatible for Editor in 47.70 ms, found 2 plugins.
Preloading 0 native plugins for Editor in 0.00 ms.
Initialize engine version: 2020.3.30f1c1 (b9cd9c36b8f8)
[Subsystems] Discovering subsystems at path C:/Program Files/Unity/Hub/Editor/2020.3.30f1c1/Editor/Data/Resources/UnitySubsystems
[Subsystems] Discovering subsystems at path D:/Documents/Github/Raven-24/ProjectfFolder/Raven-24/Assets
GfxDevice: creating device client; threaded=0
Direct3D:
    Version:  Direct3D 11.0 [level 11.1]
    Renderer: NVIDIA GeForce RTX 2080 Ti (ID=0x1e07)
    Vendor:   
    VRAM:     11049 MB
    Driver:   30.0.15.1165
Initialize mono
Mono path[0] = 'C:/Program Files/Unity/Hub/Editor/2020.3.30f1c1/Editor/Data/Managed'
Mono path[1] = 'C:/Program Files/Unity/Hub/Editor/2020.3.30f1c1/Editor/Data/MonoBleedingEdge/lib/mono/unityjit'
Mono config path = 'C:/Program Files/Unity/Hub/Editor/2020.3.30f1c1/Editor/Data/MonoBleedingEdge/etc'
Using monoOptions --debugger-agent=transport=dt_socket,embedding=1,server=y,suspend=n,address=127.0.0.1:56516
Begin MonoManager ReloadAssembly
Registering precompiled unity dll's ...
Register platform support module: C:/Program Files/Unity/Hub/Editor/2020.3.30f1c1/Editor/Data/PlaybackEngines/WebGLSupport/UnityEditor.WebGL.Extensions.dll
Register platform support module: C:/Program Files/Unity/Hub/Editor/2020.3.30f1c1/Editor/Data/PlaybackEngines/MacStandaloneSupport/UnityEditor.OSXStandalone.Extensions.dll
Register platform support module: C:/Program Files/Unity/Hub/Editor/2020.3.30f1c1/Editor/Data/PlaybackEngines/WindowsStandaloneSupport/UnityEditor.WindowsStandalone.Extensions.dll
Registered in 0.002612 seconds.
Native extension for WindowsStandalone target not found
Native extension for OSXStandalone target not found
Native extension for WebGL target not found
Refreshing native plugins compatible for Editor in 52.38 ms, found 2 plugins.
Preloading 0 native plugins for Editor in 0.00 ms.
Mono: successfully reloaded assembly
- Completed reload, in  0.605 seconds
Domain Reload Profiling:
	ReloadAssembly (605ms)
		BeginReloadAssembly (57ms)
			ExecutionOrderSort (0ms)
			DisableScriptedObjects (0ms)
			BackupInstance (0ms)
			ReleaseScriptingObjects (0ms)
			CreateAndSetChildDomain (1ms)
		EndReloadAssembly (470ms)
			LoadAssemblies (56ms)
			RebuildTransferFunctionScriptingTraits (0ms)
			SetupTypeCache (158ms)
			ReleaseScriptCaches (0ms)
			RebuildScriptCaches (33ms)
			SetupLoadedEditorAssemblies (177ms)
				LogAssemblyErrors (0ms)
				InitializePlatformSupportModulesInManaged (6ms)
				SetLoadedEditorAssemblies (0ms)
				RefreshPlugins (52ms)
				BeforeProcessingInitializeOnLoad (17ms)
				ProcessInitializeOnLoadAttributes (73ms)
				ProcessInitializeOnLoadMethodAttributes (28ms)
				AfterProcessingInitializeOnLoad (0ms)
				EditorAssembliesLoaded (0ms)
			ExecutionOrderSort2 (0ms)
			AwakeInstancesAfterBackupRestoration (0ms)
Platform modules already initialized, skipping
Registering precompiled user dll's ...
Registered in 0.002901 seconds.
Begin MonoManager ReloadAssembly
Native extension for WindowsStandalone target not found
Native extension for OSXStandalone target not found
Native extension for WebGL target not found
Refreshing native plugins compatible for Editor in 0.60 ms, found 2 plugins.
Preloading 0 native plugins for Editor in 0.00 ms.
Mono: successfully reloaded assembly
- Completed reload, in  0.893 seconds
Domain Reload Profiling:
	ReloadAssembly (895ms)
		BeginReloadAssembly (137ms)
			ExecutionOrderSort (0ms)
			DisableScriptedObjects (5ms)
			BackupInstance (0ms)
			ReleaseScriptingObjects (0ms)
			CreateAndSetChildDomain (19ms)
		EndReloadAssembly (701ms)
			LoadAssemblies (84ms)
			RebuildTransferFunctionScriptingTraits (0ms)
			SetupTypeCache (247ms)
			ReleaseScriptCaches (0ms)
			RebuildScriptCaches (40ms)
			SetupLoadedEditorAssemblies (257ms)
				LogAssemblyErrors (0ms)
				InitializePlatformSupportModulesInManaged (5ms)
				SetLoadedEditorAssemblies (0ms)
				RefreshPlugins (1ms)
				BeforeProcessingInitializeOnLoad (65ms)
				ProcessInitializeOnLoadAttributes (171ms)
				ProcessInitializeOnLoadMethodAttributes (7ms)
				AfterProcessingInitializeOnLoad (7ms)
				EditorAssembliesLoaded (0ms)
			ExecutionOrderSort2 (0ms)
			AwakeInstancesAfterBackupRestoration (9ms)
Platform modules already initialized, skipping
========================================================================
Worker process is ready to serve import requests
Launched and connected shader compiler UnityShaderCompiler.exe after 0.06 seconds
Refreshing native plugins compatible for Editor in 0.54 ms, found 2 plugins.
Preloading 0 native plugins for Editor in 0.00 ms.
Unloading 1628 Unused Serialized files (Serialized files now loaded: 0)
System memory in use before: 91.2 MB.
System memory in use after: 90.2 MB.

Unloading 27 unused Assets to reduce memory usage. Loaded Objects now: 2082.
Total: 3.162800 ms (FindLiveObjects: 0.168300 ms CreateObjectMapping: 0.037000 ms MarkObjects: 2.592000 ms  DeleteObjects: 0.364300 ms)

AssetImportParameters requested are different than current active one (requested -> active):
  custom:framework-win-MediaFoundation: 216162199b28c13a410421893ffa2e32 -> 
  custom:video-decoder-ogg-theora: a1e56fd34408186e4bbccfd4996cb3dc -> 
  custom:container-muxer-webm: aa71ff27fc2769a1b78a27578f13a17b -> 
  custom:container-demuxer-webm: 4f35f7cbe854078d1ac9338744f61a02 -> 
  custom:container-demuxer-ogg: 62fdf1f143b41e24485cea50d1cbac27 -> 
  custom:video-encoder-webm-vp8: eb34c28f22e8b96e1ab97ce403110664 -> 
  custom:video-decoder-webm-vp8: 9c59270c3fd7afecdb556c50c9e8de78 -> 
  custom:audio-decoder-ogg-vorbis: bf7c407c2cedff20999df2af8eb42d56 -> 
  custom:audio-encoder-webm-vorbis: bf7c407c2cedff20999df2af8eb42d56 -> 
========================================================================
Received Import Request.
  path: Assets/Animation/CurtainMove.anim
  artifactKey: Guid(4995a173db5d58c449e35aee9ce73cf9) Importer(815301076,1909f56bfc062723c751e8b465ee728b)
Start importing Assets/Animation/CurtainMove.anim using Guid(4995a173db5d58c449e35aee9ce73cf9) Importer(815301076,1909f56bfc062723c751e8b465ee728b)  -> (artifact id: '0d56fbbe63330ab0ea59df8cbb8cf3ce') in 0.036473 seconds 
========================================================================
Received Import Request.
  Time since last request: 37.461500 seconds.
  path: Assets/Animation/TestControler.controller
  artifactKey: Guid(b7f1332c1bcb8934ca04ab49bc3bd7da) Importer(815301076,1909f56bfc062723c751e8b465ee728b)
Start importing Assets/Animation/TestControler.controller using Guid(b7f1332c1bcb8934ca04ab49bc3bd7da) Importer(815301076,1909f56bfc062723c751e8b465ee728b)  -> (artifact id: '4ef6d65d31d4a4a392ac59f7781db9a4') in 0.005788 seconds 
========================================================================
Received Import Request.
  Time since last request: 4.986862 seconds.
  path: Assets/Animation/TestMove.anim
  artifactKey: Guid(4995a173db5d58c449e35aee9ce73cf9) Importer(815301076,1909f56bfc062723c751e8b465ee728b)
Start importing Assets/Animation/TestMove.anim using Guid(4995a173db5d58c449e35aee9ce73cf9) Importer(815301076,1909f56bfc062723c751e8b465ee728b)  -> (artifact id: '92add6ab1567cc2a645c4583824498a8') in 0.002266 seconds 
========================================================================
Received Import Request.
  Time since last request: 125.440712 seconds.
  path: Assets/Audio/Piano sound wav/a1.wav
  artifactKey: Guid(1a0e106ba410f3a42acb28d2264c44db) Importer(815301076,1909f56bfc062723c751e8b465ee728b)
Start importing Assets/Audio/Piano sound wav/a1.wav using Guid(1a0e106ba410f3a42acb28d2264c44db) Importer(815301076,1909f56bfc062723c751e8b465ee728b)  -> (artifact id: 'ff6f1aea35093d8bb098739e8e4427a8') in 0.231615 seconds 
========================================================================
Received Import Request.
  Time since last request: 0.000152 seconds.
  path: Assets/Plugins/AllSkyFree/Overcast Low/Materials/AllSky_Overcast4_Low.mat
  artifactKey: Guid(526e10312bbff1d4ba93a93b39cf8016) Importer(815301076,1909f56bfc062723c751e8b465ee728b)
Start importing Assets/Plugins/AllSkyFree/Overcast Low/Materials/AllSky_Overcast4_Low.mat using Guid(526e10312bbff1d4ba93a93b39cf8016) Importer(815301076,1909f56bfc062723c751e8b465ee728b)  -> (artifact id: 'b2b003c02b13b64045babecd1e2b25b1') in 0.219187 seconds 
========================================================================
Received Import Request.
  Time since last request: 0.000213 seconds.
  path: Assets/Plugins/AllSkyFree/Space_AnotherPlanet/AllSky_Space_AnotherPlanet.mat
  artifactKey: Guid(656058fe318eb48558d21d66d1a79a2b) Importer(815301076,1909f56bfc062723c751e8b465ee728b)
Start importing Assets/Plugins/AllSkyFree/Space_AnotherPlanet/AllSky_Space_AnotherPlanet.mat using Guid(656058fe318eb48558d21d66d1a79a2b) Importer(815301076,1909f56bfc062723c751e8b465ee728b)  -> (artifact id: 'f89e6ea82235367c9a52b86222c145e9') in 0.677515 seconds 
========================================================================
Received Import Request.
  Time since last request: 0.000157 seconds.
  path: Assets/Plugins/AllSkyFree/AllSkyDemoEnvironment/AllSky_DemoEnvironment02.fbx
  artifactKey: Guid(cca7a715222e33c49b541a5f7de8f6f2) Importer(815301076,1909f56bfc062723c751e8b465ee728b)
Start importing Assets/Plugins/AllSkyFree/AllSkyDemoEnvironment/AllSky_DemoEnvironment02.fbx using Guid(cca7a715222e33c49b541a5f7de8f6f2) Importer(815301076,1909f56bfc062723c751e8b465ee728b)  -> (artifact id: '62e048b4ac405491bd6cdef91b97e6be') in 0.180000 seconds 
========================================================================
Received Import Request.
  Time since last request: 0.000163 seconds.
  path: Assets/Plugins/AllSkyFree/AllSkyDemoEnvironment/AllSky_DemoEnvironment.fbx
  artifactKey: Guid(3016c1d519731466ebd747543eef9970) Importer(815301076,1909f56bfc062723c751e8b465ee728b)
Start importing Assets/Plugins/AllSkyFree/AllSkyDemoEnvironment/AllSky_DemoEnvironment.fbx using Guid(3016c1d519731466ebd747543eef9970) Importer(815301076,1909f56bfc062723c751e8b465ee728b)  -> (artifact id: '9770b33fd6ba22b5c73894756af67b7a') in 0.052944 seconds 
========================================================================
Received Import Request.
  Time since last request: 0.000136 seconds.
  path: Assets/Plugins/AllSkyFree/Overcast Low/AllSky_Overcast4_Low.mat
  artifactKey: Guid(f2b5f3f20933f434e850db1b710542fd) Importer(815301076,1909f56bfc062723c751e8b465ee728b)
Start importing Assets/Plugins/AllSkyFree/Overcast Low/AllSky_Overcast4_Low.mat using Guid(f2b5f3f20933f434e850db1b710542fd) Importer(815301076,1909f56bfc062723c751e8b465ee728b)  -> (artifact id: 'b5ff116222bc0e63d3386a55218ef418') in 0.277496 seconds 
========================================================================
Received Import Request.
  Time since last request: 0.000175 seconds.
  path: Assets/Audio/Piano sound wav/a1s.wav
  artifactKey: Guid(293580fd7e53d8f41b367c75aaf7d6f5) Importer(815301076,1909f56bfc062723c751e8b465ee728b)
Start importing Assets/Audio/Piano sound wav/a1s.wav using Guid(293580fd7e53d8f41b367c75aaf7d6f5) Importer(815301076,1909f56bfc062723c751e8b465ee728b)  -> (artifact id: '89ee84e1e4680eedffd00bcc455ca214') in 0.040764 seconds 
========================================================================
Received Import Request.
  Time since last request: 0.000224 seconds.
  path: Assets/Plugins/AllSkyFree/AllSkyDemoEnvironment/AdditiveSprite.mat
  artifactKey: Guid(aa556f6275fc744de969c712a17350e7) Importer(815301076,1909f56bfc062723c751e8b465ee728b)
Start importing Assets/Plugins/AllSkyFree/AllSkyDemoEnvironment/AdditiveSprite.mat using Guid(aa556f6275fc744de969c712a17350e7) Importer(815301076,1909f56bfc062723c751e8b465ee728b)  -> (artifact id: 'cffb2bd3af76ca21b2f7ab8a16aa587d') in 0.042987 seconds 
========================================================================
Received Import Request.
  Time since last request: 0.000172 seconds.
  path: Assets/Plugins/AllSkyFree/AllSkyDemoEnvironment/AllSky_DemoEnvironment_Center.fbx
  artifactKey: Guid(6f81d87fbcb2648b0835af8c7c1cd3fb) Importer(815301076,1909f56bfc062723c751e8b465ee728b)
Start importing Assets/Plugins/AllSkyFree/AllSkyDemoEnvironment/AllSky_DemoEnvironment_Center.fbx using Guid(6f81d87fbcb2648b0835af8c7c1cd3fb) Importer(815301076,1909f56bfc062723c751e8b465ee728b)  -> (artifact id: '2ca0bfd290eb9a2b70e04f0402eeafbe') in 0.072199 seconds 
========================================================================
Received Import Request.
  Time since last request: 0.000205 seconds.
  path: Assets/Plugins/AllSkyFree/AllSkyDemoEnvironment/AllSky_DemoEnvironment_Light.fbx
  artifactKey: Guid(a86608a16093647c082aa3ccf69d2558) Importer(815301076,1909f56bfc062723c751e8b465ee728b)
Start importing Assets/Plugins/AllSkyFree/AllSkyDemoEnvironment/AllSky_DemoEnvironment_Light.fbx using Guid(a86608a16093647c082aa3ccf69d2558) Importer(815301076,1909f56bfc062723c751e8b465ee728b)  -> (artifact id: '77f95f02c8458da3da0fc5fc446c66d2') in 0.041196 seconds 
========================================================================
Received Import Request.
  Time since last request: 1.568305 seconds.
  path: Assets/Plugins/AllSkyFree/AllSkyDemoEnvironment/Materials/AllSkyDemoEnv_Landscape.mat
  artifactKey: Guid(179503e6ea7a5414da971761ed8ad6a1) Importer(815301076,1909f56bfc062723c751e8b465ee728b)
Start importing Assets/Plugins/AllSkyFree/AllSkyDemoEnvironment/Materials/AllSkyDemoEnv_Landscape.mat using Guid(179503e6ea7a5414da971761ed8ad6a1) Importer(815301076,1909f56bfc062723c751e8b465ee728b)  -> (artifact id: '221b28736ecd5ee7d28b717155cd709d') in 0.107300 seconds 
========================================================================
Received Import Request.
  Time since last request: 0.000218 seconds.
  path: Assets/Plugins/AllSkyFree/AllSkyDemoEnvironment/Materials/AllSkyDemoEnv_Rock.mat
  artifactKey: Guid(2e6761ef29bab414093fbcc3d8b98559) Importer(815301076,1909f56bfc062723c751e8b465ee728b)
Start importing Assets/Plugins/AllSkyFree/AllSkyDemoEnvironment/Materials/AllSkyDemoEnv_Rock.mat using Guid(2e6761ef29bab414093fbcc3d8b98559) Importer(815301076,1909f56bfc062723c751e8b465ee728b)  -> (artifact id: '41a423e397b16ae8ef4cc5c46cd6207d') in 0.065141 seconds 
========================================================================
Received Import Request.
  Time since last request: 0.230147 seconds.
  path: Assets/Plugins/LowPolyOpenWorld/PostProcessing/Utilities/CustomMotionTexture/CustomMotionVectorDebugProfile.asset
  artifactKey: Guid(d982e879ff67b4d3fb6522d08c3cd5af) Importer(815301076,1909f56bfc062723c751e8b465ee728b)
Start importing Assets/Plugins/LowPolyOpenWorld/PostProcessing/Utilities/CustomMotionTexture/CustomMotionVectorDebugProfile.asset using Guid(d982e879ff67b4d3fb6522d08c3cd5af) Importer(815301076,1909f56bfc062723c751e8b465ee728b)  -> (artifact id: 'bae5ec971bb3f71a25008a28968cac5c') in 0.061576 seconds 
========================================================================
Received Import Request.
  Time since last request: 582.575229 seconds.
  path: Assets/Animation/Curtain.controller
  artifactKey: Guid(46a46672ec631f0469f2af2c9c8ffd08) Importer(815301076,1909f56bfc062723c751e8b465ee728b)
Start importing Assets/Animation/Curtain.controller using Guid(46a46672ec631f0469f2af2c9c8ffd08) Importer(815301076,1909f56bfc062723c751e8b465ee728b)  -> (artifact id: 'fd62f44bf89d4bebef3fb30b5efd9aaa') in 0.002472 seconds 
========================================================================
Received Import Request.
  Time since last request: 9.918969 seconds.
  path: Assets/Plugins/LowPolyOpenWorld/PostProcessing/Utilities/CustomMotionTexture/Models/WheelMovecs.FBX
  artifactKey: Guid(c4abfbff3b9d442f4b435849d2d2124c) Importer(815301076,1909f56bfc062723c751e8b465ee728b)
Start importing Assets/Plugins/LowPolyOpenWorld/PostProcessing/Utilities/CustomMotionTexture/Models/WheelMovecs.FBX using Guid(c4abfbff3b9d442f4b435849d2d2124c) Importer(815301076,1909f56bfc062723c751e8b465ee728b)  -> (artifact id: '43b3074ee2ec5cb7b7d35637cdc5b357') in 0.123310 seconds 
========================================================================
Received Import Request.
  Time since last request: 86.043857 seconds.
  path: Assets/Plugins/AllSkyFree/AllSkyDemoEnvironment/AllSkyDemoEnvironment_Unity4.prefab
  artifactKey: Guid(a4d020d60b18649af92bb2a05e00d513) Importer(815301076,1909f56bfc062723c751e8b465ee728b)
Start importing Assets/Plugins/AllSkyFree/AllSkyDemoEnvironment/AllSkyDemoEnvironment_Unity4.prefab using Guid(a4d020d60b18649af92bb2a05e00d513) Importer(815301076,1909f56bfc062723c751e8b465ee728b)  -> (artifact id: '7429918b39f955fe92851a80c1a35f19') in 0.496618 seconds 
========================================================================
Received Import Request.
  Time since last request: 0.000238 seconds.
  path: Assets/Plugins/LowPolyOpenWorld/Nature/Assets/Models/EnvBranch_2.fbx
  artifactKey: Guid(8c5d47f270d01704e92aefd13952a3b1) Importer(815301076,1909f56bfc062723c751e8b465ee728b)
Start importing Assets/Plugins/LowPolyOpenWorld/Nature/Assets/Models/EnvBranch_2.fbx using Guid(8c5d47f270d01704e92aefd13952a3b1) Importer(815301076,1909f56bfc062723c751e8b465ee728b)  -> (artifact id: '8dd512b168196499f26f531f3f8d87fb') in 0.099184 seconds 
========================================================================
Received Import Request.
  Time since last request: 0.000186 seconds.
  path: Assets/Plugins/LowPolyOpenWorld/Nature/Assets/Prefabs/Clouds/Cloud_5.prefab
  artifactKey: Guid(33f73dc4324c1e84aa3231502c2ae781) Importer(815301076,1909f56bfc062723c751e8b465ee728b)
Start importing Assets/Plugins/LowPolyOpenWorld/Nature/Assets/Prefabs/Clouds/Cloud_5.prefab using Guid(33f73dc4324c1e84aa3231502c2ae781) Importer(815301076,1909f56bfc062723c751e8b465ee728b)  -> (artifact id: 'bf7ada0b7d463698c67dc73d47a9db75') in 0.068287 seconds 
========================================================================
Received Import Request.
  Time since last request: 0.000154 seconds.
  path: Assets/Plugins/LowPolyOpenWorld/Nature/Assets/Models/EnvBranch_1.fbx
  artifactKey: Guid(11ec85498af071043a7920fa9dcf38d4) Importer(815301076,1909f56bfc062723c751e8b465ee728b)
Start importing Assets/Plugins/LowPolyOpenWorld/Nature/Assets/Models/EnvBranch_1.fbx using Guid(11ec85498af071043a7920fa9dcf38d4) Importer(815301076,1909f56bfc062723c751e8b465ee728b)  -> (artifact id: 'b825541c6f1b2c1091f0165372b8ee33') in 0.065235 seconds 
========================================================================
Received Import Request.
  Time since last request: 0.000131 seconds.
  path: Assets/Plugins/LowPolyOpenWorld/Nature/Assets/Prefabs/Clouds/Cloud_1.prefab
  artifactKey: Guid(64d30a61bbbd76d45be17fdfbe59fa1a) Importer(815301076,1909f56bfc062723c751e8b465ee728b)
Start importing Assets/Plugins/LowPolyOpenWorld/Nature/Assets/Prefabs/Clouds/Cloud_1.prefab using Guid(64d30a61bbbd76d45be17fdfbe59fa1a) Importer(815301076,1909f56bfc062723c751e8b465ee728b)  -> (artifact id: '2325166751354c26f4930884760f4938') in 0.032518 seconds 
========================================================================
Received Import Request.
  Time since last request: 0.000166 seconds.
  path: Assets/Plugins/LowPolyOpenWorld/Nature/Assets/Models/Fence_1.fbx
  artifactKey: Guid(49587bb333f3f8d4e812687d564057da) Importer(815301076,1909f56bfc062723c751e8b465ee728b)
Start importing Assets/Plugins/LowPolyOpenWorld/Nature/Assets/Models/Fence_1.fbx using Guid(49587bb333f3f8d4e812687d564057da) Importer(815301076,1909f56bfc062723c751e8b465ee728b)  -> (artifact id: '4710c3194b53d93bc087442bfe48a3d3') in 0.034640 seconds 
========================================================================
Received Import Request.
  Time since last request: 0.000214 seconds.
  path: Assets/Plugins/LowPolyOpenWorld/Nature/Assets/Models/Fence_2.fbx
  artifactKey: Guid(edc961ca9c2983447b26866d07740bed) Importer(815301076,1909f56bfc062723c751e8b465ee728b)
Start importing Assets/Plugins/LowPolyOpenWorld/Nature/Assets/Models/Fence_2.fbx using Guid(edc961ca9c2983447b26866d07740bed) Importer(815301076,1909f56bfc062723c751e8b465ee728b)  -> (artifact id: '8f0a3252ccf4b445861b8ffd514255ff') in 0.026478 seconds 
========================================================================
Received Import Request.
  Time since last request: 0.000137 seconds.
  path: Assets/Plugins/LowPolyOpenWorld/Nature/Assets/Prefabs/Clouds/Cloud_6.prefab
  artifactKey: Guid(b9967d41337521841928bf9a657cac65) Importer(815301076,1909f56bfc062723c751e8b465ee728b)
Start importing Assets/Plugins/LowPolyOpenWorld/Nature/Assets/Prefabs/Clouds/Cloud_6.prefab using Guid(b9967d41337521841928bf9a657cac65) Importer(815301076,1909f56bfc062723c751e8b465ee728b)  -> (artifact id: '2da19cab5549dc8c04987cded92df4c9') in 0.025204 seconds 
========================================================================
Received Import Request.
  Time since last request: 0.000203 seconds.
  path: Assets/Plugins/LowPolyOpenWorld/Nature/Assets/Prefabs/Clouds/Cloud_4.prefab
  artifactKey: Guid(361fc6574bf3648428b1ec244bc8a0bf) Importer(815301076,1909f56bfc062723c751e8b465ee728b)
Start importing Assets/Plugins/LowPolyOpenWorld/Nature/Assets/Prefabs/Clouds/Cloud_4.prefab using Guid(361fc6574bf3648428b1ec244bc8a0bf) Importer(815301076,1909f56bfc062723c751e8b465ee728b)  -> (artifact id: '7e8535bd634d1d5bf05d1fcc9311059a') in 0.032404 seconds 
========================================================================
Received Import Request.
  Time since last request: 0.000188 seconds.
  path: Assets/Plugins/LowPolyOpenWorld/Nature/Assets/Prefabs/Clouds/Cloud_2.prefab
  artifactKey: Guid(34849dedee10a644785acecee2f582ad) Importer(815301076,1909f56bfc062723c751e8b465ee728b)
Start importing Assets/Plugins/LowPolyOpenWorld/Nature/Assets/Prefabs/Clouds/Cloud_2.prefab using Guid(34849dedee10a644785acecee2f582ad) Importer(815301076,1909f56bfc062723c751e8b465ee728b)  -> (artifact id: '399325ec2cde362bd6a453299a9937b1') in 0.027692 seconds 
========================================================================
Received Import Request.
  Time since last request: 0.000138 seconds.
  path: Assets/Plugins/LowPolyOpenWorld/Nature/Assets/Models/EnvBranch_3.fbx
  artifactKey: Guid(4552995d2040728469a5b8fab88e74dd) Importer(815301076,1909f56bfc062723c751e8b465ee728b)
Start importing Assets/Plugins/LowPolyOpenWorld/Nature/Assets/Models/EnvBranch_3.fbx using Guid(4552995d2040728469a5b8fab88e74dd) Importer(815301076,1909f56bfc062723c751e8b465ee728b)  -> (artifact id: '16f451428545c6382cd019945f8c4fe5') in 0.037515 seconds 
========================================================================
Received Import Request.
  Time since last request: 0.000184 seconds.
  path: Assets/Plugins/LowPolyOpenWorld/Nature/Assets/Prefabs/Clouds/Cloud_3.prefab
  artifactKey: Guid(445f09ddc95b4b847a793ae4975f2614) Importer(815301076,1909f56bfc062723c751e8b465ee728b)
Start importing Assets/Plugins/LowPolyOpenWorld/Nature/Assets/Prefabs/Clouds/Cloud_3.prefab using Guid(445f09ddc95b4b847a793ae4975f2614) Importer(815301076,1909f56bfc062723c751e8b465ee728b)  -> (artifact id: 'e609844117c3962aa06ed14a500145da') in 0.047561 seconds 
========================================================================
Received Prepare
Registering precompiled user dll's ...
Registered in 0.002252 seconds.
Begin MonoManager ReloadAssembly
Native extension for WindowsStandalone target not found
Native extension for OSXStandalone target not found
Native extension for WebGL target not found
Refreshing native plugins compatible for Editor in 0.52 ms, found 2 plugins.
Preloading 0 native plugins for Editor in 0.00 ms.
Mono: successfully reloaded assembly
- Completed reload, in  0.748 seconds
Domain Reload Profiling:
	ReloadAssembly (749ms)
		BeginReloadAssembly (91ms)
			ExecutionOrderSort (0ms)
			DisableScriptedObjects (3ms)
			BackupInstance (0ms)
			ReleaseScriptingObjects (0ms)
			CreateAndSetChildDomain (27ms)
		EndReloadAssembly (606ms)
			LoadAssemblies (71ms)
			RebuildTransferFunctionScriptingTraits (0ms)
			SetupTypeCache (211ms)
			ReleaseScriptCaches (1ms)
			RebuildScriptCaches (30ms)
			SetupLoadedEditorAssemblies (221ms)
				LogAssemblyErrors (0ms)
				InitializePlatformSupportModulesInManaged (5ms)
				SetLoadedEditorAssemblies (0ms)
				RefreshPlugins (1ms)
				BeforeProcessingInitializeOnLoad (58ms)
				ProcessInitializeOnLoadAttributes (147ms)
				ProcessInitializeOnLoadMethodAttributes (6ms)
				AfterProcessingInitializeOnLoad (4ms)
				EditorAssembliesLoaded (0ms)
			ExecutionOrderSort2 (0ms)
			AwakeInstancesAfterBackupRestoration (5ms)
Platform modules already initialized, skipping
Refreshing native plugins compatible for Editor in 0.50 ms, found 2 plugins.
Preloading 0 native plugins for Editor in 0.00 ms.
Unloading 1611 Unused Serialized files (Serialized files now loaded: 0)
System memory in use before: 94.0 MB.
System memory in use after: 93.1 MB.

Unloading 23 unused Assets to reduce memory usage. Loaded Objects now: 2135.
Total: 2.916900 ms (FindLiveObjects: 0.169300 ms CreateObjectMapping: 0.037300 ms MarkObjects: 2.371800 ms  DeleteObjects: 0.337400 ms)

AssetImportParameters requested are different than current active one (requested -> active):
  custom:framework-win-MediaFoundation: 216162199b28c13a410421893ffa2e32 -> 
  custom:video-decoder-ogg-theora: a1e56fd34408186e4bbccfd4996cb3dc -> 
  custom:container-muxer-webm: aa71ff27fc2769a1b78a27578f13a17b -> 
  custom:container-demuxer-webm: 4f35f7cbe854078d1ac9338744f61a02 -> 
  custom:container-demuxer-ogg: 62fdf1f143b41e24485cea50d1cbac27 -> 
  custom:video-encoder-webm-vp8: eb34c28f22e8b96e1ab97ce403110664 -> 
  custom:video-decoder-webm-vp8: 9c59270c3fd7afecdb556c50c9e8de78 -> 
  custom:audio-decoder-ogg-vorbis: bf7c407c2cedff20999df2af8eb42d56 -> 
  custom:audio-encoder-webm-vorbis: bf7c407c2cedff20999df2af8eb42d56 -> 
========================================================================
Received Import Request.
  Time since last request: 616.864347 seconds.
  path: Assets/Plugins/AllSkyFree/AllSkyDemoEnvironment/Materials/AllSkyDemoEnv_Building.mat
  artifactKey: Guid(5f35d0bb3bb3e45048ec76b0a3157c01) Importer(815301076,1909f56bfc062723c751e8b465ee728b)
Start importing Assets/Plugins/AllSkyFree/AllSkyDemoEnvironment/Materials/AllSkyDemoEnv_Building.mat using Guid(5f35d0bb3bb3e45048ec76b0a3157c01) Importer(815301076,1909f56bfc062723c751e8b465ee728b)  -> (artifact id: '4e627ef7f8821690c8a2cabe7f6babff') in 0.049527 seconds 
========================================================================
Received Import Request.
  Time since last request: 0.000125 seconds.
  path: Assets/Plugins/AllSkyFree/AllSkyDemoEnvironment/Materials/AllSkyDemoEnv_MountainGlow.mat
  artifactKey: Guid(413befd66bdd84d569871d0524b4685a) Importer(815301076,1909f56bfc062723c751e8b465ee728b)
Start importing Assets/Plugins/AllSkyFree/AllSkyDemoEnvironment/Materials/AllSkyDemoEnv_MountainGlow.mat using Guid(413befd66bdd84d569871d0524b4685a) Importer(815301076,1909f56bfc062723c751e8b465ee728b)  -> (artifact id: 'bb2ecdb4800526e7002d64fe1d4d6c7d') in 0.013585 seconds 
========================================================================
Received Import Request.
  Time since last request: 0.000111 seconds.
  path: Assets/Plugins/LowPolyOpenWorld/Nature/Assets/Materials/Tree Materials/Branch_2_Autumn.mat
  artifactKey: Guid(f814689c3cd3f154b99990b1e0fa9c04) Importer(815301076,1909f56bfc062723c751e8b465ee728b)
Start importing Assets/Plugins/LowPolyOpenWorld/Nature/Assets/Materials/Tree Materials/Branch_2_Autumn.mat using Guid(f814689c3cd3f154b99990b1e0fa9c04) Importer(815301076,1909f56bfc062723c751e8b465ee728b)  -> (artifact id: 'e379270f0b43985be21333829480c8ab') in 0.147094 seconds 
========================================================================
Received Import Request.
  Time since last request: 0.000152 seconds.
  path: Assets/Plugins/LowPolyOpenWorld/Nature/Assets/Materials/Tree Materials/Branch_3.mat
  artifactKey: Guid(dc598370ecc883c4ca2db754f89bb9e5) Importer(815301076,1909f56bfc062723c751e8b465ee728b)
Start importing Assets/Plugins/LowPolyOpenWorld/Nature/Assets/Materials/Tree Materials/Branch_3.mat using Guid(dc598370ecc883c4ca2db754f89bb9e5) Importer(815301076,1909f56bfc062723c751e8b465ee728b)  -> (artifact id: 'e40414c1d7b04b7cf69d4c0d6359c8aa') in 0.052600 seconds 
========================================================================
Received Import Request.
  Time since last request: 0.000109 seconds.
  path: Assets/Plugins/LowPolyOpenWorld/Nature/Assets/Materials/Bush Materials/BushBranch_1.mat
  artifactKey: Guid(45a6f12177c492a4cad503ef805c8a42) Importer(815301076,1909f56bfc062723c751e8b465ee728b)
Start importing Assets/Plugins/LowPolyOpenWorld/Nature/Assets/Materials/Bush Materials/BushBranch_1.mat using Guid(45a6f12177c492a4cad503ef805c8a42) Importer(815301076,1909f56bfc062723c751e8b465ee728b)  -> (artifact id: '30a9c5dbc308b6d7d5b342f3babb93ac') in 0.096304 seconds 
========================================================================
Received Import Request.
  Time since last request: 0.000121 seconds.
  path: Assets/Plugins/LowPolyOpenWorld/Nature/Assets/Materials/Tree Materials/Branch_5.mat
  artifactKey: Guid(0d0f57c434c03c445850c0255a49a1f3) Importer(815301076,1909f56bfc062723c751e8b465ee728b)
Start importing Assets/Plugins/LowPolyOpenWorld/Nature/Assets/Materials/Tree Materials/Branch_5.mat using Guid(0d0f57c434c03c445850c0255a49a1f3) Importer(815301076,1909f56bfc062723c751e8b465ee728b)  -> (artifact id: '46331c06577a0566d0f7a80002143c43') in 0.032454 seconds 
========================================================================
Received Import Request.
  Time since last request: 0.000119 seconds.
  path: Assets/Plugins/LowPolyOpenWorld/Nature/Assets/Materials/Tree Materials/Bark_1.mat
  artifactKey: Guid(68d47c11b2be0a04987492c4436dd4f9) Importer(815301076,1909f56bfc062723c751e8b465ee728b)
Start importing Assets/Plugins/LowPolyOpenWorld/Nature/Assets/Materials/Tree Materials/Bark_1.mat using Guid(68d47c11b2be0a04987492c4436dd4f9) Importer(815301076,1909f56bfc062723c751e8b465ee728b)  -> (artifact id: '96027c980b9d4b37fd34d9f077c18e12') in 0.008361 seconds 
========================================================================
Received Import Request.
  Time since last request: 0.000201 seconds.
  path: Assets/Plugins/LowPolyOpenWorld/Nature/Assets/Materials/Tree Materials/Branch_2.mat
  artifactKey: Guid(fc4da2a3e06ff664aa9b1b17be7928c4) Importer(815301076,1909f56bfc062723c751e8b465ee728b)
Start importing Assets/Plugins/LowPolyOpenWorld/Nature/Assets/Materials/Tree Materials/Branch_2.mat using Guid(fc4da2a3e06ff664aa9b1b17be7928c4) Importer(815301076,1909f56bfc062723c751e8b465ee728b)  -> (artifact id: '5cb707fdcdf0833b3c8382048a782b79') in 0.037179 seconds 
========================================================================
Received Import Request.
  Time since last request: 0.000169 seconds.
  path: Assets/Plugins/LowPolyOpenWorld/Nature/Assets/Materials/Bush Materials/BushBranch_2.mat
  artifactKey: Guid(8e11a7b4a5cf51544851168f5c0cfe5b) Importer(815301076,1909f56bfc062723c751e8b465ee728b)
Start importing Assets/Plugins/LowPolyOpenWorld/Nature/Assets/Materials/Bush Materials/BushBranch_2.mat using Guid(8e11a7b4a5cf51544851168f5c0cfe5b) Importer(815301076,1909f56bfc062723c751e8b465ee728b)  -> (artifact id: '993192dbf648ac428ee87e252db1b835') in 0.218069 seconds 
========================================================================
Received Import Request.
  Time since last request: 0.000113 seconds.
  path: Assets/Plugins/LowPolyOpenWorld/Nature/Assets/Materials/Tree Materials/Branch_1.mat
  artifactKey: Guid(d78b0fd57f59e6d499475f6ba6208c12) Importer(815301076,1909f56bfc062723c751e8b465ee728b)
Start importing Assets/Plugins/LowPolyOpenWorld/Nature/Assets/Materials/Tree Materials/Branch_1.mat using Guid(d78b0fd57f59e6d499475f6ba6208c12) Importer(815301076,1909f56bfc062723c751e8b465ee728b)  -> (artifact id: '1e2d56ac1101181119f5a7d4d30aa0b4') in 0.027549 seconds 
========================================================================
Received Import Request.
  Time since last request: 0.000158 seconds.
  path: Assets/Plugins/LowPolyOpenWorld/Nature/Assets/Materials/Tree Materials/Branch_4.mat
  artifactKey: Guid(fa1ff45a642d8be4e82856e47ce46ee5) Importer(815301076,1909f56bfc062723c751e8b465ee728b)
Start importing Assets/Plugins/LowPolyOpenWorld/Nature/Assets/Materials/Tree Materials/Branch_4.mat using Guid(fa1ff45a642d8be4e82856e47ce46ee5) Importer(815301076,1909f56bfc062723c751e8b465ee728b)  -> (artifact id: '55b2fcc9f70be6a1bf07ed8db1b83dba') in 0.031131 seconds 
========================================================================
Received Import Request.
  Time since last request: 0.000148 seconds.
  path: Assets/Plugins/LowPolyOpenWorld/Nature/Assets/Materials/Tree Materials/Bark_2_Winter.mat
  artifactKey: Guid(3e989538706362444ac2e184b162beb8) Importer(815301076,1909f56bfc062723c751e8b465ee728b)
Start importing Assets/Plugins/LowPolyOpenWorld/Nature/Assets/Materials/Tree Materials/Bark_2_Winter.mat using Guid(3e989538706362444ac2e184b162beb8) Importer(815301076,1909f56bfc062723c751e8b465ee728b)  -> (artifact id: '51cfe7b9a558ba5ee43c7b98ca257d84') in 0.030510 seconds 
========================================================================
Received Import Request.
  Time since last request: 0.000126 seconds.
  path: Assets/Plugins/AllSkyFree/AllSkyDemoEnvironment/Materials/AllSkyDemoEnv_LightMetal.mat
  artifactKey: Guid(a7f9f8058b27648f4ba9ed54ced4ac00) Importer(815301076,1909f56bfc062723c751e8b465ee728b)
Start importing Assets/Plugins/AllSkyFree/AllSkyDemoEnvironment/Materials/AllSkyDemoEnv_LightMetal.mat using Guid(a7f9f8058b27648f4ba9ed54ced4ac00) Importer(815301076,1909f56bfc062723c751e8b465ee728b)  -> (artifact id: 'ca587f4f23cf18b651261aba3df73292') in 0.006919 seconds 
========================================================================
Received Import Request.
  Time since last request: 0.000144 seconds.
  path: Assets/Plugins/LowPolyOpenWorld/Nature/Assets/Materials/Bush Materials/BushBranch_1_Autumn.mat
  artifactKey: Guid(41edd7e5729c4b84495200829c980ac1) Importer(815301076,1909f56bfc062723c751e8b465ee728b)
Start importing Assets/Plugins/LowPolyOpenWorld/Nature/Assets/Materials/Bush Materials/BushBranch_1_Autumn.mat using Guid(41edd7e5729c4b84495200829c980ac1) Importer(815301076,1909f56bfc062723c751e8b465ee728b)  -> (artifact id: 'b0865b34d711bbae31adf9fc2c1bbd57') in 0.013073 seconds 
========================================================================
Received Import Request.
  Time since last request: 0.000163 seconds.
  path: Assets/Plugins/AllSkyFree/AllSkyDemoEnvironment/Materials/AllSkyDemoEnv_Flag_Gold.mat
  artifactKey: Guid(e647ded4fdda54d5c82ce352c1b0be01) Importer(815301076,1909f56bfc062723c751e8b465ee728b)
Start importing Assets/Plugins/AllSkyFree/AllSkyDemoEnvironment/Materials/AllSkyDemoEnv_Flag_Gold.mat using Guid(e647ded4fdda54d5c82ce352c1b0be01) Importer(815301076,1909f56bfc062723c751e8b465ee728b)  -> (artifact id: 'd61b317151edb4cfd381028ed9fdbc88') in 0.008147 seconds 
========================================================================
Received Import Request.
  Time since last request: 0.000190 seconds.
  path: Assets/Plugins/AllSkyFree/AllSkyDemoEnvironment/Materials/AllSkyDemoEnv_LightIllum.mat
  artifactKey: Guid(05aa87d4636d34850a6f48daedd1b55c) Importer(815301076,1909f56bfc062723c751e8b465ee728b)
Start importing Assets/Plugins/AllSkyFree/AllSkyDemoEnvironment/Materials/AllSkyDemoEnv_LightIllum.mat using Guid(05aa87d4636d34850a6f48daedd1b55c) Importer(815301076,1909f56bfc062723c751e8b465ee728b)  -> (artifact id: '6f101ac0bd0f2f16ac917896a8cb73b9') in 0.007680 seconds 
========================================================================
Received Import Request.
  Time since last request: 0.000156 seconds.
  path: Assets/Plugins/AllSkyFree/AllSkyDemoEnvironment/Materials/AllSkyDemoEnv_Flag_Blue.mat
  artifactKey: Guid(fbc2e1c016c544198be90cefecf38f0f) Importer(815301076,1909f56bfc062723c751e8b465ee728b)
Start importing Assets/Plugins/AllSkyFree/AllSkyDemoEnvironment/Materials/AllSkyDemoEnv_Flag_Blue.mat using Guid(fbc2e1c016c544198be90cefecf38f0f) Importer(815301076,1909f56bfc062723c751e8b465ee728b)  -> (artifact id: '3b427548f8b88ff719ca9d4c9b01296c') in 0.011220 seconds 
========================================================================
Received Import Request.
  Time since last request: 0.820819 seconds.
  path: Assets/Plugins/LowPolyOpenWorld/Nature/Assets/Materials/Bush Materials/BushBranch_3.mat
  artifactKey: Guid(87124cee1be92f54991265c8a6bb5e7a) Importer(815301076,1909f56bfc062723c751e8b465ee728b)
Start importing Assets/Plugins/LowPolyOpenWorld/Nature/Assets/Materials/Bush Materials/BushBranch_3.mat using Guid(87124cee1be92f54991265c8a6bb5e7a) Importer(815301076,1909f56bfc062723c751e8b465ee728b)  -> (artifact id: 'f13256b58437855d84dd84983b37f725') in 0.122427 seconds 
========================================================================
Received Import Request.
  Time since last request: 0.000116 seconds.
  path: Assets/Plugins/LowPolyOpenWorld/Nature/Assets/Materials/Clouds/Cloud_4.mat
  artifactKey: Guid(4f3915abb5e80874686bd1ca1e6584a0) Importer(815301076,1909f56bfc062723c751e8b465ee728b)
Start importing Assets/Plugins/LowPolyOpenWorld/Nature/Assets/Materials/Clouds/Cloud_4.mat using Guid(4f3915abb5e80874686bd1ca1e6584a0) Importer(815301076,1909f56bfc062723c751e8b465ee728b)  -> (artifact id: '19069ec88b93c7de3e8f14a701c5c0f8') in 0.007659 seconds 
========================================================================
Received Import Request.
  Time since last request: 0.000184 seconds.
  path: Assets/Plugins/LowPolyOpenWorld/Nature/Assets/Materials/Clouds/Cloud_6.mat
  artifactKey: Guid(18129d44f56478f4e9cac85cd9a21b91) Importer(815301076,1909f56bfc062723c751e8b465ee728b)
Start importing Assets/Plugins/LowPolyOpenWorld/Nature/Assets/Materials/Clouds/Cloud_6.mat using Guid(18129d44f56478f4e9cac85cd9a21b91) Importer(815301076,1909f56bfc062723c751e8b465ee728b)  -> (artifact id: '7235d9aff5e3079dbf4da98275c6f37c') in 0.013362 seconds 
========================================================================
Received Import Request.
  Time since last request: 0.000160 seconds.
  path: Assets/Plugins/LowPolyOpenWorld/Nature/Assets/Materials/Clouds/Cloud_5.mat
  artifactKey: Guid(64868a0291e0a5642adcc432953febbb) Importer(815301076,1909f56bfc062723c751e8b465ee728b)
Start importing Assets/Plugins/LowPolyOpenWorld/Nature/Assets/Materials/Clouds/Cloud_5.mat using Guid(64868a0291e0a5642adcc432953febbb) Importer(815301076,1909f56bfc062723c751e8b465ee728b)  -> (artifact id: 'ec6e5c0094eeb665ca805dcb67efac67') in 0.023860 seconds 
========================================================================
Received Import Request.
  Time since last request: 0.000171 seconds.
  path: Assets/Plugins/AllSkyFree/Cold Night/Cold Night.mat
  artifactKey: Guid(9af23ba5fa5364ff598888460e0e2759) Importer(815301076,1909f56bfc062723c751e8b465ee728b)
Start importing Assets/Plugins/AllSkyFree/Cold Night/Cold Night.mat using Guid(9af23ba5fa5364ff598888460e0e2759) Importer(815301076,1909f56bfc062723c751e8b465ee728b)  -> (artifact id: 'a8fde6adecbd5d098c39d6f819945eaf') in 0.244488 seconds 
========================================================================
Received Import Request.
  Time since last request: 0.000113 seconds.
  path: Assets/Plugins/LowPolyOpenWorld/Nature/Assets/Materials/Clouds/Cloud_3.mat
  artifactKey: Guid(1cd350cf1d295b443a62944194b92845) Importer(815301076,1909f56bfc062723c751e8b465ee728b)
Start importing Assets/Plugins/LowPolyOpenWorld/Nature/Assets/Materials/Clouds/Cloud_3.mat using Guid(1cd350cf1d295b443a62944194b92845) Importer(815301076,1909f56bfc062723c751e8b465ee728b)  -> (artifact id: '486259c02fc69a82713d60c535c3fec8') in 0.007423 seconds 
========================================================================
Received Import Request.
  Time since last request: 0.000127 seconds.
  path: Assets/Plugins/AllSkyFree/Cold Sunset/Cold Sunset.mat
  artifactKey: Guid(2d796ced94d61438fbab81b194038162) Importer(815301076,1909f56bfc062723c751e8b465ee728b)
Start importing Assets/Plugins/AllSkyFree/Cold Sunset/Cold Sunset.mat using Guid(2d796ced94d61438fbab81b194038162) Importer(815301076,1909f56bfc062723c751e8b465ee728b)  -> (artifact id: 'f1bc2c845b83f52afc2e0976df16a92f') in 1.008777 seconds 
========================================================================
Received Import Request.
  Time since last request: 0.000127 seconds.
  path: Assets/Plugins/AllSkyFree/Cartoon Base NightSky/Cartoon Base NightSky.mat
  artifactKey: Guid(aa78c8d403a8547fe86d1f74239e6b03) Importer(815301076,1909f56bfc062723c751e8b465ee728b)
Start importing Assets/Plugins/AllSkyFree/Cartoon Base NightSky/Cartoon Base NightSky.mat using Guid(aa78c8d403a8547fe86d1f74239e6b03) Importer(815301076,1909f56bfc062723c751e8b465ee728b)  -> (artifact id: 'c028cbf2d758d9a0de703dade8229615') in 0.272348 seconds 
========================================================================
Received Import Request.
  Time since last request: 0.000122 seconds.
  path: Assets/Plugins/LowPolyOpenWorld/Nature/Assets/Materials/Clouds/Cloud_2.mat
  artifactKey: Guid(b05eadd473528fa41ba443493a22fb15) Importer(815301076,1909f56bfc062723c751e8b465ee728b)
Start importing Assets/Plugins/LowPolyOpenWorld/Nature/Assets/Materials/Clouds/Cloud_2.mat using Guid(b05eadd473528fa41ba443493a22fb15) Importer(815301076,1909f56bfc062723c751e8b465ee728b)  -> (artifact id: '34aad70854d6892d4c15d3f577151482') in 0.064375 seconds 
========================================================================
Received Import Request.
  Time since last request: 0.000106 seconds.
  path: Assets/Plugins/LowPolyOpenWorld/Nature/Assets/Materials/Clouds/Cloud_7.mat
  artifactKey: Guid(7665a9b60eb1cbb44a7498adda7b1a50) Importer(815301076,1909f56bfc062723c751e8b465ee728b)
Start importing Assets/Plugins/LowPolyOpenWorld/Nature/Assets/Materials/Clouds/Cloud_7.mat using Guid(7665a9b60eb1cbb44a7498adda7b1a50) Importer(815301076,1909f56bfc062723c751e8b465ee728b)  -> (artifact id: '7c7f7ce8934dfa96fd133542a35e6a4b') in 0.007073 seconds 
========================================================================
Received Prepare
Registering precompiled user dll's ...
Registered in 0.002135 seconds.
Begin MonoManager ReloadAssembly
Native extension for WindowsStandalone target not found
Native extension for OSXStandalone target not found
Native extension for WebGL target not found
Refreshing native plugins compatible for Editor in 0.51 ms, found 2 plugins.
Preloading 0 native plugins for Editor in 0.00 ms.
Mono: successfully reloaded assembly
- Completed reload, in  0.762 seconds
Domain Reload Profiling:
	ReloadAssembly (763ms)
		BeginReloadAssembly (94ms)
			ExecutionOrderSort (0ms)
			DisableScriptedObjects (3ms)
			BackupInstance (0ms)
			ReleaseScriptingObjects (0ms)
			CreateAndSetChildDomain (30ms)
		EndReloadAssembly (616ms)
			LoadAssemblies (74ms)
			RebuildTransferFunctionScriptingTraits (0ms)
			SetupTypeCache (215ms)
			ReleaseScriptCaches (1ms)
			RebuildScriptCaches (33ms)
			SetupLoadedEditorAssemblies (220ms)
				LogAssemblyErrors (0ms)
				InitializePlatformSupportModulesInManaged (5ms)
				SetLoadedEditorAssemblies (0ms)
				RefreshPlugins (1ms)
				BeforeProcessingInitializeOnLoad (56ms)
				ProcessInitializeOnLoadAttributes (147ms)
				ProcessInitializeOnLoadMethodAttributes (6ms)
				AfterProcessingInitializeOnLoad (4ms)
				EditorAssembliesLoaded (0ms)
			ExecutionOrderSort2 (0ms)
			AwakeInstancesAfterBackupRestoration (5ms)
Platform modules already initialized, skipping
Refreshing native plugins compatible for Editor in 0.51 ms, found 2 plugins.
Preloading 0 native plugins for Editor in 0.00 ms.
Unloading 1611 Unused Serialized files (Serialized files now loaded: 0)
System memory in use before: 94.2 MB.
System memory in use after: 93.4 MB.

Unloading 22 unused Assets to reduce memory usage. Loaded Objects now: 2139.
Total: 2.925400 ms (FindLiveObjects: 0.154100 ms CreateObjectMapping: 0.036400 ms MarkObjects: 2.405000 ms  DeleteObjects: 0.329200 ms)

AssetImportParameters requested are different than current active one (requested -> active):
  custom:framework-win-MediaFoundation: 216162199b28c13a410421893ffa2e32 -> 
  custom:video-decoder-ogg-theora: a1e56fd34408186e4bbccfd4996cb3dc -> 
  custom:container-muxer-webm: aa71ff27fc2769a1b78a27578f13a17b -> 
  custom:container-demuxer-webm: 4f35f7cbe854078d1ac9338744f61a02 -> 
  custom:container-demuxer-ogg: 62fdf1f143b41e24485cea50d1cbac27 -> 
  custom:video-encoder-webm-vp8: eb34c28f22e8b96e1ab97ce403110664 -> 
  custom:video-decoder-webm-vp8: 9c59270c3fd7afecdb556c50c9e8de78 -> 
  custom:audio-decoder-ogg-vorbis: bf7c407c2cedff20999df2af8eb42d56 -> 
  custom:audio-encoder-webm-vorbis: bf7c407c2cedff20999df2af8eb42d56 -> 
========================================================================
Received Prepare
Registering precompiled user dll's ...
Registered in 0.002929 seconds.
Begin MonoManager ReloadAssembly
Native extension for WindowsStandalone target not found
Native extension for OSXStandalone target not found
Native extension for WebGL target not found
Refreshing native plugins compatible for Editor in 0.70 ms, found 2 plugins.
Preloading 0 native plugins for Editor in 0.00 ms.
Mono: successfully reloaded assembly
- Completed reload, in  0.817 seconds
Domain Reload Profiling:
	ReloadAssembly (817ms)
		BeginReloadAssembly (91ms)
			ExecutionOrderSort (0ms)
			DisableScriptedObjects (4ms)
			BackupInstance (0ms)
			ReleaseScriptingObjects (0ms)
			CreateAndSetChildDomain (26ms)
		EndReloadAssembly (674ms)
			LoadAssemblies (79ms)
			RebuildTransferFunctionScriptingTraits (0ms)
			SetupTypeCache (231ms)
			ReleaseScriptCaches (1ms)
			RebuildScriptCaches (29ms)
			SetupLoadedEditorAssemblies (256ms)
				LogAssemblyErrors (0ms)
				InitializePlatformSupportModulesInManaged (6ms)
				SetLoadedEditorAssemblies (0ms)
				RefreshPlugins (1ms)
				BeforeProcessingInitializeOnLoad (66ms)
				ProcessInitializeOnLoadAttributes (170ms)
				ProcessInitializeOnLoadMethodAttributes (7ms)
				AfterProcessingInitializeOnLoad (6ms)
				EditorAssembliesLoaded (0ms)
			ExecutionOrderSort2 (0ms)
			AwakeInstancesAfterBackupRestoration (6ms)
Platform modules already initialized, skipping
Refreshing native plugins compatible for Editor in 0.71 ms, found 2 plugins.
Preloading 0 native plugins for Editor in 0.00 ms.
Unloading 1611 Unused Serialized files (Serialized files now loaded: 0)
System memory in use before: 94.3 MB.
System memory in use after: 93.4 MB.

Unloading 22 unused Assets to reduce memory usage. Loaded Objects now: 2141.
Total: 3.312700 ms (FindLiveObjects: 0.208000 ms CreateObjectMapping: 0.046600 ms MarkObjects: 2.616600 ms  DeleteObjects: 0.440800 ms)

AssetImportParameters requested are different than current active one (requested -> active):
  custom:framework-win-MediaFoundation: 216162199b28c13a410421893ffa2e32 -> 
  custom:video-decoder-ogg-theora: a1e56fd34408186e4bbccfd4996cb3dc -> 
  custom:container-muxer-webm: aa71ff27fc2769a1b78a27578f13a17b -> 
  custom:container-demuxer-webm: 4f35f7cbe854078d1ac9338744f61a02 -> 
  custom:container-demuxer-ogg: 62fdf1f143b41e24485cea50d1cbac27 -> 
  custom:video-encoder-webm-vp8: eb34c28f22e8b96e1ab97ce403110664 -> 
  custom:video-decoder-webm-vp8: 9c59270c3fd7afecdb556c50c9e8de78 -> 
  custom:audio-decoder-ogg-vorbis: bf7c407c2cedff20999df2af8eb42d56 -> 
  custom:audio-encoder-webm-vorbis: bf7c407c2cedff20999df2af8eb42d56 -> 
AssetImportWorkerClient::OnTransportError - code=2 error=End of file
